2025-10-06T22:00:36.133Z | 1 | src.utils.logger.KeyPointLogger.logResult:42 | 显示空结果状态 - 没有找到匹配的车源
2025-10-06T22:00:36.134Z | 4 | src.utils.logger.KeyPointLogger.logResult:42 | 应用启动 - Rehui Car Adviser 前端应用初始化
2025-10-06T22:00:36.134Z | 3 | src.utils.logger.KeyPointLogger.logResult:42 | 显示空结果状态 - 没有找到匹配的车源
2025-10-06T22:00:36.133Z | 2 | src.utils.logger.KeyPointLogger.logResult:42 | 应用启动 - Rehui Car Adviser 前端应用初始化
2025-10-06T22:01:04.192Z | 5 | src.utils.logger.KeyPointLogger.logResult:42 | 用户提交搜索 - 查询: 你好
2025-10-06T22:01:04.193Z | 6 | src.utils.logger.KeyPointLogger.logResult:42 | 开始搜索流程 - 查询: 你好
2025-10-06T22:01:04.193Z | 7 | src.utils.logger.KeyPointLogger.logResult:42 | 发送API请求 - POST /api/search, 查询: 你好
2025-10-06T22:01:04.197Z | 8 | src.utils.logger.KeyPointLogger.logResult:42 | 显示加载状态 - 用户等待搜索结果
2025-10-06T22:01:04.348Z | 9 | src.utils.logger.KeyPointLogger.logResult:42 | API请求失败 - 错误: 搜索过程中发生错误: 'ParsedQuery' object has no attribute 'brand'
2025-10-06T22:01:04.349Z | 10 | src.utils.logger.KeyPointLogger.logResult:42 | 搜索失败 - 错误: 搜索过程中发生错误: 'ParsedQuery' object has no attribute 'brand'
2025-10-06T22:01:04.350Z | 11 | src.utils.logger.KeyPointLogger.logResult:42 | 显示错误状态 - 错误: 搜索过程中发生错误: 'ParsedQuery' object has no attribute 'brand'
2025-10-06T22:01:57.198Z | 1 | src.utils.logger.KeyPointLogger.logResult:42 | 显示空结果状态 - 没有找到匹配的车源
2025-10-06T22:01:57.199Z | 3 | src.utils.logger.KeyPointLogger.logResult:42 | 显示空结果状态 - 没有找到匹配的车源
2025-10-06T22:01:57.200Z | 4 | src.utils.logger.KeyPointLogger.logResult:42 | 应用启动 - Rehui Car Adviser 前端应用初始化
2025-10-06T22:01:57.199Z | 2 | src.utils.logger.KeyPointLogger.logResult:42 | 应用启动 - Rehui Car Adviser 前端应用初始化
2025-10-06T22:02:48.642Z | 1 | src.utils.logger.KeyPointLogger.logResult:42 | 显示空结果状态 - 没有找到匹配的车源
2025-10-06T22:02:48.643Z | 2 | src.utils.logger.KeyPointLogger.logResult:42 | 应用启动 - Rehui Car Adviser 前端应用初始化
2025-10-06T22:02:48.643Z | 3 | src.utils.logger.KeyPointLogger.logResult:42 | 显示空结果状态 - 没有找到匹配的车源
2025-10-06T22:02:48.643Z | 4 | src.utils.logger.KeyPointLogger.logResult:42 | 应用启动 - Rehui Car Adviser 前端应用初始化
2025-10-06T22:03:50.300Z | 1 | logger.ts?t=1759788229028:65 | 显示空结果状态 - 没有找到匹配的车源
2025-10-06T22:03:50.301Z | 2 | logger.ts?t=1759788229028:65 | 应用启动 - Rehui Car Adviser 前端应用初始化
2025-10-06T22:03:50.301Z | 3 | logger.ts?t=1759788229028:65 | 显示空结果状态 - 没有找到匹配的车源
2025-10-06T22:03:59.305Z | 1 | logger.ts?t=1759788238615:65 | 显示空结果状态 - 没有找到匹配的车源
2025-10-06T22:03:59.306Z | 2 | logger.ts?t=1759788238615:65 | 应用启动 - Rehui Car Adviser 前端应用初始化
2025-10-06T22:03:59.306Z | 3 | logger.ts?t=1759788238615:65 | 显示空结果状态 - 没有找到匹配的车源
2025-10-06T22:04:07.270Z | 1 | logger.ts?t=1759788238615:65 | 显示空结果状态 - 没有找到匹配的车源
2025-10-06T22:04:07.271Z | 2 | logger.ts?t=1759788238615:65 | 应用启动 - Rehui Car Adviser 前端应用初始化
2025-10-06T22:04:07.271Z | 3 | logger.ts?t=1759788238615:65 | 显示空结果状态 - 没有找到匹配的车源
2025-10-06T22:04:07.272Z | 4 | logger.ts?t=1759788238615:65 | 应用启动 - Rehui Car Adviser 前端应用初始化
2025-10-06T22:04:56.307Z | 1 | logger.ts?t=1759788296167:73 | 显示空结果状态 - 没有找到匹配的车源
2025-10-06T22:04:56.308Z | 2 | logger.ts?t=1759788296167:73 | 应用启动 - Rehui Car Adviser 前端应用初始化
2025-10-06T22:04:56.308Z | 3 | logger.ts?t=1759788296167:73 | 显示空结果状态 - 没有找到匹配的车源
2025-10-06T22:05:01.296Z | 1 | logger.ts?t=1759788300829:73 | 显示空结果状态 - 没有找到匹配的车源
2025-10-06T22:05:01.296Z | 2 | logger.ts?t=1759788300829:73 | 应用启动 - Rehui Car Adviser 前端应用初始化
2025-10-06T22:05:01.297Z | 3 | logger.ts?t=1759788300829:73 | 显示空结果状态 - 没有找到匹配的车源
2025-10-06T22:05:06.038Z | 1 | logger.ts?t=1759788300829:73 | 显示空结果状态 - 没有找到匹配的车源
2025-10-06T22:05:06.039Z | 2 | logger.ts?t=1759788300829:73 | 应用启动 - Rehui Car Adviser 前端应用初始化
2025-10-06T22:05:06.039Z | 3 | logger.ts?t=1759788300829:73 | 显示空结果状态 - 没有找到匹配的车源
2025-10-06T22:05:06.040Z | 4 | logger.ts?t=1759788300829:73 | 应用启动 - Rehui Car Adviser 前端应用初始化
2025-10-06T22:05:10.054Z | 5 | logger.ts?t=1759788300829:73 | 用户提交搜索 - 查询: 你妈妈
2025-10-06T22:05:10.055Z | 7 | logger.ts?t=1759788300829:73 | 发送API请求 - POST /api/search, 查询: 你妈妈
2025-10-06T22:05:10.055Z | 6 | logger.ts?t=1759788300829:73 | 开始搜索流程 - 查询: 你妈妈
2025-10-06T22:05:10.059Z | 8 | logger.ts?t=1759788300829:73 | 显示加载状态 - 用户等待搜索结果
2025-10-06T22:05:10.179Z | 9 | logger.ts?t=1759788300829:73 | API请求失败 - 错误: 搜索过程中发生错误: 'ParsedQuery' object has no attribute 'brand'
2025-10-06T22:05:10.179Z | 10 | logger.ts?t=1759788300829:73 | 搜索失败 - 错误: 搜索过程中发生错误: 'ParsedQuery' object has no attribute 'brand'
2025-10-06T22:05:10.181Z | 11 | logger.ts?t=1759788300829:73 | 显示错误状态 - 错误: 搜索过程中发生错误: 'ParsedQuery' object has no attribute 'brand'
2025-10-06T22:05:20.322Z | 12 | logger.ts?t=1759788300829:73 | 用户提交搜索 - 查询: 你妈
2025-10-06T22:05:20.323Z | 13 | logger.ts?t=1759788300829:73 | 开始搜索流程 - 查询: 你妈
2025-10-06T22:05:20.323Z | 14 | logger.ts?t=1759788300829:73 | 发送API请求 - POST /api/search, 查询: 你妈
2025-10-06T22:05:20.327Z | 15 | logger.ts?t=1759788300829:73 | 显示加载状态 - 用户等待搜索结果
2025-10-06T22:05:20.405Z | 16 | logger.ts?t=1759788300829:73 | API请求失败 - 错误: 搜索过程中发生错误: 'ParsedQuery' object has no attribute 'brand'
2025-10-06T22:05:20.406Z | 17 | logger.ts?t=1759788300829:73 | 搜索失败 - 错误: 搜索过程中发生错误: 'ParsedQuery' object has no attribute 'brand'
2025-10-06T22:05:20.407Z | 18 | logger.ts?t=1759788300829:73 | 显示错误状态 - 错误: 搜索过程中发生错误: 'ParsedQuery' object has no attribute 'brand'
2025-10-06T22:07:26.468Z | 19 | logger.ts?t=1759788300829:73 | 用户提交搜索 - 查询: 你妈
2025-10-06T22:07:26.471Z | 22 | logger.ts?t=1759788300829:73 | 显示加载状态 - 用户等待搜索结果
2025-10-06T22:07:26.469Z | 21 | logger.ts?t=1759788300829:73 | 发送API请求 - POST /api/search, 查询: 你妈
2025-10-06T22:07:26.468Z | 20 | logger.ts?t=1759788300829:73 | 开始搜索流程 - 查询: 你妈
2025-10-06T22:07:32.190Z | 1 | logger.ts?t=1759788300829:73 | 显示空结果状态 - 没有找到匹配的车源
2025-10-06T22:07:35.349Z | 5 | logger.ts?t=1759788300829:73 | 用户提交搜索 - 查询: 你妈
2025-10-06T22:07:32.192Z | 4 | logger.ts?t=1759788300829:73 | 应用启动 - Rehui Car Adviser 前端应用初始化
2025-10-06T22:07:35.350Z | 6 | logger.ts?t=1759788300829:73 | 开始搜索流程 - 查询: 你妈
2025-10-06T22:07:32.190Z | 2 | logger.ts?t=1759788300829:73 | 应用启动 - Rehui Car Adviser 前端应用初始化
2025-10-06T22:07:32.191Z | 3 | logger.ts?t=1759788300829:73 | 显示空结果状态 - 没有找到匹配的车源
2025-10-06T22:07:35.354Z | 8 | logger.ts?t=1759788300829:73 | 显示加载状态 - 用户等待搜索结果
2025-10-06T22:07:35.351Z | 7 | logger.ts?t=1759788300829:73 | 发送API请求 - POST /api/search, 查询: 你妈
2025-10-06T22:08:05.356Z | 10 | logger.ts?t=1759788300829:73 | 搜索失败 - 错误: timeout of 30000ms exceeded
2025-10-06T22:08:05.357Z | 11 | logger.ts?t=1759788300829:73 | 显示错误状态 - 错误: timeout of 30000ms exceeded
2025-10-06T22:08:05.356Z | 9 | logger.ts?t=1759788300829:73 | API请求失败 - 错误: timeout of 30000ms exceeded
2025-10-06T22:10:32.484Z | 1 | logger.ts?t=1759788300829:73 | 显示空结果状态 - 没有找到匹配的车源
2025-10-06T22:10:32.485Z | 2 | logger.ts?t=1759788300829:73 | 应用启动 - Rehui Car Adviser 前端应用初始化
2025-10-06T22:10:32.485Z | 3 | logger.ts?t=1759788300829:73 | 显示空结果状态 - 没有找到匹配的车源
2025-10-06T22:10:32.486Z | 4 | logger.ts?t=1759788300829:73 | 应用启动 - Rehui Car Adviser 前端应用初始化
2025-10-06T22:10:37.410Z | 5 | logger.ts?t=1759788300829:73 | 用户提交搜索 - 查询: 你吗
2025-10-06T22:10:37.411Z | 7 | logger.ts?t=1759788300829:73 | 发送API请求 - POST /api/search, 查询: 你吗
2025-10-06T22:10:37.411Z | 6 | logger.ts?t=1759788300829:73 | 开始搜索流程 - 查询: 你吗
2025-10-06T22:10:37.416Z | 8 | logger.ts?t=1759788300829:73 | 显示加载状态 - 用户等待搜索结果
2025-10-06T22:11:07.419Z | 11 | logger.ts?t=1759788300829:73 | 显示错误状态 - 错误: timeout of 30000ms exceeded
2025-10-06T22:11:07.415Z | 10 | logger.ts?t=1759788300829:73 | 搜索失败 - 错误: timeout of 30000ms exceeded
2025-10-06T22:11:07.414Z | 9 | logger.ts?t=1759788300829:73 | API请求失败 - 错误: timeout of 30000ms exceeded
2025-10-06T22:11:17.197Z | 1 | logger.ts?t=1759788300829:73 | 显示空结果状态 - 没有找到匹配的车源
2025-10-06T22:11:17.199Z | 3 | logger.ts?t=1759788300829:73 | 显示空结果状态 - 没有找到匹配的车源
2025-10-06T22:11:17.199Z | 4 | logger.ts?t=1759788300829:73 | 应用启动 - Rehui Car Adviser 前端应用初始化
2025-10-06T22:11:17.198Z | 2 | logger.ts?t=1759788300829:73 | 应用启动 - Rehui Car Adviser 前端应用初始化
2025-10-06T22:11:27.910Z | 5 | logger.ts?t=1759788300829:73 | 用户提交搜索 - 查询: 西八
2025-10-06T22:11:27.910Z | 6 | logger.ts?t=1759788300829:73 | 开始搜索流程 - 查询: 西八
2025-10-06T22:11:27.911Z | 7 | logger.ts?t=1759788300829:73 | 发送API请求 - POST /api/search, 查询: 西八
2025-10-06T22:11:27.915Z | 8 | logger.ts?t=1759788300829:73 | 显示加载状态 - 用户等待搜索结果
2025-10-06T22:11:57.924Z | 10 | logger.ts?t=1759788300829:73 | 搜索失败 - 错误: timeout of 30000ms exceeded
2025-10-06T22:11:57.924Z | 9 | logger.ts?t=1759788300829:73 | API请求失败 - 错误: timeout of 30000ms exceeded
2025-10-06T22:11:57.928Z | 11 | logger.ts?t=1759788300829:73 | 显示错误状态 - 错误: timeout of 30000ms exceeded
2025-10-06T22:12:46.689Z | 1 | logger.ts?t=1759788300829:73 | 显示空结果状态 - 没有找到匹配的车源
2025-10-06T22:12:46.690Z | 4 | logger.ts?t=1759788300829:73 | 应用启动 - Rehui Car Adviser 前端应用初始化
2025-10-06T22:12:46.690Z | 3 | logger.ts?t=1759788300829:73 | 显示空结果状态 - 没有找到匹配的车源
2025-10-06T22:12:46.690Z | 2 | logger.ts?t=1759788300829:73 | 应用启动 - Rehui Car Adviser 前端应用初始化
2025-10-06T22:12:52.342Z | 5 | logger.ts?t=1759788300829:73 | 用户提交搜索 - 查询: 凯美瑞
2025-10-06T22:12:52.343Z | 6 | logger.ts?t=1759788300829:73 | 开始搜索流程 - 查询: 凯美瑞
2025-10-06T22:12:52.343Z | 7 | logger.ts?t=1759788300829:73 | 发送API请求 - POST /api/search, 查询: 凯美瑞
2025-10-06T22:13:22.353Z | 11 | logger.ts?t=1759788300829:73 | 显示错误状态 - 错误: timeout of 30000ms exceeded
2025-10-06T22:13:22.349Z | 9 | logger.ts?t=1759788300829:73 | API请求失败 - 错误: timeout of 30000ms exceeded
2025-10-06T22:13:22.350Z | 10 | logger.ts?t=1759788300829:73 | 搜索失败 - 错误: timeout of 30000ms exceeded
2025-10-06T22:12:52.347Z | 8 | logger.ts?t=1759788300829:73 | 显示加载状态 - 用户等待搜索结果
2025-10-06T22:13:45.881Z | 1 | logger.ts?t=1759788300829:73 | 显示空结果状态 - 没有找到匹配的车源
2025-10-06T22:13:45.882Z | 2 | logger.ts?t=1759788300829:73 | 应用启动 - Rehui Car Adviser 前端应用初始化
2025-10-06T22:13:45.883Z | 4 | logger.ts?t=1759788300829:73 | 应用启动 - Rehui Car Adviser 前端应用初始化
2025-10-06T22:13:45.882Z | 3 | logger.ts?t=1759788300829:73 | 显示空结果状态 - 没有找到匹配的车源
2025-10-06T22:13:49.803Z | 5 | logger.ts?t=1759788300829:73 | 用户提交搜索 - 查询: 你妈
2025-10-06T22:13:49.804Z | 7 | logger.ts?t=1759788300829:73 | 发送API请求 - POST /api/search, 查询: 你妈
2025-10-06T22:13:49.803Z | 6 | logger.ts?t=1759788300829:73 | 开始搜索流程 - 查询: 你妈
2025-10-06T22:14:19.810Z | 9 | logger.ts?t=1759788300829:73 | API请求失败 - 错误: timeout of 30000ms exceeded
2025-10-06T22:13:49.808Z | 8 | logger.ts?t=1759788300829:73 | 显示加载状态 - 用户等待搜索结果
2025-10-06T22:14:19.810Z | 10 | logger.ts?t=1759788300829:73 | 搜索失败 - 错误: timeout of 30000ms exceeded
2025-10-06T22:14:19.813Z | 11 | logger.ts?t=1759788300829:73 | 显示错误状态 - 错误: timeout of 30000ms exceeded
2025-10-06T22:44:24.160Z | 1 | logger:73 | 显示空结果状态 - 没有找到匹配的车源
2025-10-06T22:44:24.161Z | 4 | logger:73 | 应用启动 - Rehui Car Adviser 前端应用初始化
2025-10-06T22:44:24.161Z | 3 | logger:73 | 显示空结果状态 - 没有找到匹配的车源
2025-10-06T22:44:24.160Z | 2 | logger:73 | 应用启动 - Rehui Car Adviser 前端应用初始化
2025-10-06T22:44:34.259Z | 5 | logger:73 | 用户提交搜索 - 查询: 你好
2025-10-06T22:44:34.260Z | 6 | logger:73 | 开始搜索流程 - 查询: 你好
2025-10-06T22:44:34.260Z | 7 | logger:73 | 发送API请求 - POST /api/search, 查询: 你好
2025-10-06T22:44:34.264Z | 8 | logger:73 | 显示加载状态 - 用户等待搜索结果
2025-10-06T22:44:34.266Z | 9 | logger:73 | API请求失败 - 错误: Request failed with status code 400
2025-10-06T22:44:34.267Z | 10 | logger:73 | 搜索失败 - 错误: Request failed with status code 400
2025-10-06T22:44:34.268Z | 11 | logger:73 | 显示错误状态 - 错误: Request failed with status code 400
2025-10-06T22:44:58.300Z | 1 | logger:73 | 显示空结果状态 - 没有找到匹配的车源
2025-10-06T22:44:58.300Z | 2 | logger:73 | 应用启动 - Rehui Car Adviser 前端应用初始化
2025-10-06T22:44:58.301Z | 4 | logger:73 | 应用启动 - Rehui Car Adviser 前端应用初始化
2025-10-06T22:44:58.301Z | 3 | logger:73 | 显示空结果状态 - 没有找到匹配的车源
2025-10-06T22:45:37.313Z | 1 | logger.ts?t=1759790736593:73 | 显示空结果状态 - 没有找到匹配的车源
2025-10-06T22:45:37.315Z | 3 | logger.ts?t=1759790736593:73 | 显示空结果状态 - 没有找到匹配的车源
2025-10-06T22:45:37.314Z | 2 | logger.ts?t=1759790736593:73 | 应用启动 - Rehui Car Adviser 前端应用初始化
2025-10-06T22:45:40.296Z | 1 | logger.ts?t=1759790739393:75 | 显示空结果状态 - 没有找到匹配的车源
2025-10-06T22:45:40.296Z | 2 | logger.ts?t=1759790739393:75 | 应用启动 - Rehui Car Adviser 前端应用初始化
2025-10-06T22:45:40.297Z | 3 | logger.ts?t=1759790739393:75 | 显示空结果状态 - 没有找到匹配的车源
2025-10-06T22:45:44.296Z | 1 | logger.ts?t=1759790743692:75 | 显示空结果状态 - 没有找到匹配的车源
2025-10-06T22:45:44.297Z | 2 | logger.ts?t=1759790743692:75 | 应用启动 - Rehui Car Adviser 前端应用初始化
2025-10-06T22:45:44.297Z | 3 | logger.ts?t=1759790743692:75 | 显示空结果状态 - 没有找到匹配的车源
2025-10-06T22:45:46.297Z | 1 | logger.ts?t=1759790745629:75 | 显示空结果状态 - 没有找到匹配的车源
2025-10-06T22:45:46.298Z | 2 | logger.ts?t=1759790745629:75 | 应用启动 - Rehui Car Adviser 前端应用初始化
2025-10-06T22:45:46.299Z | 3 | logger.ts?t=1759790745629:75 | 显示空结果状态 - 没有找到匹配的车源
2025-10-06T22:45:50.462Z | 1 | logger.ts?t=1759790745629:75 | 显示空结果状态 - 没有找到匹配的车源
2025-10-06T22:45:50.463Z | 2 | logger.ts?t=1759790745629:75 | 应用启动 - Rehui Car Adviser 前端应用初始化
2025-10-06T22:45:50.463Z | 3 | logger.ts?t=1759790745629:75 | 显示空结果状态 - 没有找到匹配的车源
2025-10-06T22:45:50.464Z | 4 | logger.ts?t=1759790745629:75 | 应用启动 - Rehui Car Adviser 前端应用初始化
2025-10-06T22:46:01.450Z | 1 | logger.ts?t=1759790745629:75 | 显示空结果状态 - 没有找到匹配的车源
2025-10-06T22:46:01.452Z | 3 | logger.ts?t=1759790745629:75 | 显示空结果状态 - 没有找到匹配的车源
2025-10-06T22:46:01.451Z | 2 | logger.ts?t=1759790745629:75 | 应用启动 - Rehui Car Adviser 前端应用初始化
2025-10-06T22:46:01.452Z | 4 | logger.ts?t=1759790745629:75 | 应用启动 - Rehui Car Adviser 前端应用初始化
2025-10-06T22:46:32.312Z | 1 | logger.ts?t=1759790792117:74 | 显示空结果状态 - 没有找到匹配的车源
2025-10-06T22:46:32.313Z | 2 | logger.ts?t=1759790792117:74 | 应用启动 - Rehui Car Adviser 前端应用初始化
2025-10-06T22:46:32.313Z | 3 | logger.ts?t=1759790792117:74 | 显示空结果状态 - 没有找到匹配的车源
2025-10-06T22:46:38.300Z | 1 | logger.ts?t=1759790797413:73 | 显示空结果状态 - 没有找到匹配的车源
2025-10-06T22:46:38.301Z | 2 | logger.ts?t=1759790797413:73 | 应用启动 - Rehui Car Adviser 前端应用初始化
2025-10-06T22:46:38.301Z | 3 | logger.ts?t=1759790797413:73 | 显示空结果状态 - 没有找到匹配的车源
2025-10-06T22:46:44.295Z | 1 | logger.ts?t=1759790803286:72 | 显示空结果状态 - 没有找到匹配的车源
2025-10-06T22:46:44.295Z | 2 | logger.ts?t=1759790803286:72 | 应用启动 - Rehui Car Adviser 前端应用初始化
2025-10-06T22:46:44.296Z | 3 | logger.ts?t=1759790803286:72 | 显示空结果状态 - 没有找到匹配的车源
2025-10-06T22:46:48.215Z | 1 | logger.ts?t=1759790807849:72 | 显示空结果状态 - 没有找到匹配的车源
2025-10-06T22:46:48.217Z | 3 | logger.ts?t=1759790807849:72 | 显示空结果状态 - 没有找到匹配的车源
2025-10-06T22:46:48.216Z | 2 | logger.ts?t=1759790807849:72 | 应用启动 - Rehui Car Adviser 前端应用初始化
2025-10-06T22:48:57.303Z | 1 | logger.ts?t=1759790936285:72 | 显示空结果状态 - 没有找到匹配的车源
2025-10-06T22:48:57.304Z | 2 | logger.ts?t=1759790936285:72 | 应用启动 - Rehui Car Adviser 前端应用初始化
2025-10-06T22:48:57.304Z | 3 | logger.ts?t=1759790936285:72 | 显示空结果状态 - 没有找到匹配的车源
2025-10-06T22:49:04.978Z | 1 | logger.ts?t=1759790936285:72 | 显示空结果状态 - 没有找到匹配的车源
2025-10-06T22:49:04.978Z | 2 | logger.ts?t=1759790936285:72 | 应用启动 - Rehui Car Adviser 前端应用初始化
2025-10-06T22:49:04.979Z | 3 | logger.ts?t=1759790936285:72 | 显示空结果状态 - 没有找到匹配的车源
2025-10-06T22:49:04.979Z | 4 | logger.ts?t=1759790936285:72 | 应用启动 - Rehui Car Adviser 前端应用初始化
2025-10-06T23:47:15.200Z | 1 | logger:72 | 显示空结果状态 - 没有找到匹配的车源
2025-10-06T23:47:15.200Z | 2 | logger:72 | 应用启动 - Rehui Car Adviser 前端应用初始化
2025-10-06T23:47:15.201Z | 3 | logger:72 | 显示空结果状态 - 没有找到匹配的车源
2025-10-06T23:47:15.201Z | 4 | logger:72 | 应用启动 - Rehui Car Adviser 前端应用初始化
2025-10-06T23:47:23.675Z | 5 | logger:72 | 用户提交搜索 - 查询: 西八
2025-10-06T23:47:23.675Z | 6 | logger:72 | 开始搜索流程 - 查询: 西八
2025-10-06T23:47:23.676Z | 7 | logger:72 | 发送API请求 - POST /api/search, 查询: 西八
2025-10-06T23:47:23.681Z | 8 | logger:72 | 显示加载状态 - 用户等待搜索结果
2025-10-06T23:47:23.685Z | 9 | logger:72 | API请求失败 - 错误: Request failed with status code 400
2025-10-06T23:47:23.686Z | 10 | logger:72 | 搜索失败 - 错误: Request failed with status code 400
2025-10-06T23:47:23.688Z | 11 | logger:72 | 显示错误状态 - 错误: Request failed with status code 400
2025-10-06T23:47:31.399Z | 1 | logger:72 | 显示空结果状态 - 没有找到匹配的车源
2025-10-06T23:47:31.400Z | 2 | logger:72 | 应用启动 - Rehui Car Adviser 前端应用初始化
2025-10-06T23:47:31.400Z | 3 | logger:72 | 显示空结果状态 - 没有找到匹配的车源
2025-10-06T23:47:31.401Z | 4 | logger:72 | 应用启动 - Rehui Car Adviser 前端应用初始化
2025-10-06T23:55:01.272Z | 1 | logger:72 | 显示空结果状态 - 没有找到匹配的车源
2025-10-06T23:55:01.274Z | 4 | logger:72 | 应用启动 - Rehui Car Adviser 前端应用初始化
2025-10-06T23:55:01.273Z | 2 | logger:72 | 应用启动 - Rehui Car Adviser 前端应用初始化
2025-10-06T23:55:01.273Z | 3 | logger:72 | 显示空结果状态 - 没有找到匹配的车源
2025-10-06 23:59:43 | 0.1 | src.utils.logger.KeyPointLogger.logResult:86 | 显示空结果状态 - 没有找到匹配的车源
2025-10-06 23:59:43 | 0.3 | src.utils.logger.KeyPointLogger.logResult:86 | 显示空结果状态 - 没有找到匹配的车源
2025-10-06 23:59:43 | 0.4 | src.utils.logger.KeyPointLogger.logResult:86 | 应用启动 - Rehui Car Adviser 前端应用初始化
2025-10-06 23:59:43 | 0.2 | src.utils.logger.KeyPointLogger.logResult:86 | 应用启动 - Rehui Car Adviser 前端应用初始化
2025-10-06 23:59:59 | 0.1 | src.utils.logger.KeyPointLogger.logResult:86 | 显示空结果状态 - 没有找到匹配的车源
2025-10-06 23:59:59 | 0.2 | src.utils.logger.KeyPointLogger.logResult:86 | 应用启动 - Rehui Car Adviser 前端应用初始化
2025-10-06 23:59:59 | 0.3 | src.utils.logger.KeyPointLogger.logResult:86 | 显示空结果状态 - 没有找到匹配的车源
2025-10-06 23:59:59 | 0.4 | src.utils.logger.KeyPointLogger.logResult:86 | 应用启动 - Rehui Car Adviser 前端应用初始化
2025-10-07 00:00:06 | 0.1 | src.utils.logger.KeyPointLogger.logResult:86 | 显示空结果状态 - 没有找到匹配的车源
2025-10-07 00:00:06 | 0.2 | src.utils.logger.KeyPointLogger.logResult:86 | 应用启动 - Rehui Car Adviser 前端应用初始化
2025-10-07 00:00:06 | 0.3 | src.utils.logger.KeyPointLogger.logResult:86 | 显示空结果状态 - 没有找到匹配的车源
2025-10-07 00:00:06 | 0.4 | src.utils.logger.KeyPointLogger.logResult:86 | 应用启动 - Rehui Car Adviser 前端应用初始化
2025-10-07 00:01:05 | 0.1 | src.utils.logger.ts?t=1759795264794.KeyPointLogger.logResult:88 | 显示空结果状态 - 没有找到匹配的车源
2025-10-07 00:01:05 | 0.2 | src.utils.logger.ts?t=1759795264794.KeyPointLogger.logResult:88 | 应用启动 - Rehui Car Adviser 前端应用初始化
2025-10-07 00:01:05 | 0.3 | src.utils.logger.ts?t=1759795264794.KeyPointLogger.logResult:88 | 显示空结果状态 - 没有找到匹配的车源
2025-10-07 00:01:09 | 0.1 | src.utils.logger.ts?t=1759795269174.KeyPointLogger.logResult:93 | 显示空结果状态 - 没有找到匹配的车源
2025-10-07 00:01:09 | 0.2 | src.utils.logger.ts?t=1759795269174.KeyPointLogger.logResult:93 | 应用启动 - Rehui Car Adviser 前端应用初始化
2025-10-07 00:01:11 | 0.1 | src.utils.logger.ts?t=1759795271485.KeyPointLogger.logResult:93 | 显示空结果状态 - 没有找到匹配的车源
2025-10-07 00:01:11 | 0.2 | src.utils.logger.ts?t=1759795271485.KeyPointLogger.logResult:93 | 应用启动 - Rehui Car Adviser 前端应用初始化
2025-10-07 00:01:13 | 0.1 | src.utils.logger.ts?t=1759795273890.KeyPointLogger.logResult:93 | 显示空结果状态 - 没有找到匹配的车源
2025-10-07 00:01:13 | 0.2 | src.utils.logger.ts?t=1759795273890.KeyPointLogger.logResult:93 | 应用启动 - Rehui Car Adviser 前端应用初始化
2025-10-07 00:01:30 | 0.1 | src.utils.logger.ts?t=1759795290201.KeyPointLogger.logResult:93 | 显示空结果状态 - 没有找到匹配的车源
2025-10-07 00:01:30 | 0.2 | src.utils.logger.ts?t=1759795290201.KeyPointLogger.logResult:93 | 应用启动 - Rehui Car Adviser 前端应用初始化
2025-10-07 00:02:03 | 0.1 | src.utils.logger.ts?t=1759795290201.KeyPointLogger.logResult:93 | 显示空结果状态 - 没有找到匹配的车源
2025-10-07 00:02:03 | 0.2 | src.utils.logger.ts?t=1759795290201.KeyPointLogger.logResult:93 | 应用启动 - Rehui Car Adviser 前端应用初始化
2025-10-07 00:02:41 | 1 | src.utils.logger.ts?t=1759795290201.KeyPointLogger.logResult:93 | 应用启动 - Rehui Car Adviser 前端应用初始化
2025-10-07 00:02:54 | 2 | src.utils.logger.ts?t=1759795290201.KeyPointLogger.logResult:93 | 应用启动 - Rehui Car Adviser 前端应用初始化
2025-10-07 00:02:55 | 0.1 | src.utils.logger.ts?t=1759795375075.KeyPointLogger.logResult:93 | 显示空结果状态 - 没有找到匹配的车源
2025-10-07 00:02:55 | 1 | src.utils.logger.ts?t=1759795375075.KeyPointLogger.logResult:93 | 应用启动 - Rehui Car Adviser 前端应用初始化
2025-10-07 00:02:57 | 0.1 | src.utils.logger.ts?t=1759795375075.KeyPointLogger.logResult:93 | 显示空结果状态 - 没有找到匹配的车源
2025-10-07 00:02:57 | 1 | src.utils.logger.ts?t=1759795375075.KeyPointLogger.logResult:93 | 应用启动 - Rehui Car Adviser 前端应用初始化
2025-10-07 00:03:09 | 0.1 | src.utils.logger.ts?t=1759795375075.KeyPointLogger.logResult:93 | 显示空结果状态 - 没有找到匹配的车源
2025-10-07 00:03:09 | 1 | src.utils.logger.ts?t=1759795375075.KeyPointLogger.logResult:93 | 应用启动 - Rehui Car Adviser 前端应用初始化
2025-10-07 00:04:44 | 1.1 | src.utils.logger.ts?t=1759795483106.KeyPointLogger.logResult:93 | 显示空结果状态 - 没有找到匹配的车源
2025-10-07 00:04:44 | 2 | src.utils.logger.ts?t=1759795483106.KeyPointLogger.logResult:93 | 应用启动 - Rehui Car Adviser 前端应用初始化
2025-10-07 00:04:47 | 1.1 | src.utils.logger.ts?t=1759795487086.KeyPointLogger.logResult:96 | 显示空结果状态 - 没有找到匹配的车源
2025-10-07 00:04:47 | 2 | src.utils.logger.ts?t=1759795487086.KeyPointLogger.logResult:96 | 应用启动 - Rehui Car Adviser 前端应用初始化
2025-10-07 00:05:08 | 1.1 | src.utils.logger.ts?t=1759795508200.KeyPointLogger.logResult:96 | 显示空结果状态 - 没有找到匹配的车源
2025-10-07 00:05:08 | 2 | src.utils.logger.ts?t=1759795508200.KeyPointLogger.logResult:96 | 应用启动 - Rehui Car Adviser 前端应用初始化
2025-10-07 00:05:11 | 1.1 | src.utils.logger.ts?t=1759795508200.KeyPointLogger.logResult:96 | 显示空结果状态 - 没有找到匹配的车源
2025-10-07 00:05:11 | 2 | src.utils.logger.ts?t=1759795508200.KeyPointLogger.logResult:96 | 应用启动 - Rehui Car Adviser 前端应用初始化
2025-10-07 00:05:17 | 1.1 | src.utils.logger.ts?t=1759795508200.KeyPointLogger.logResult:96 | 显示空结果状态 - 没有找到匹配的车源
2025-10-07 00:05:17 | 2 | src.utils.logger.ts?t=1759795508200.KeyPointLogger.logResult:96 | 应用启动 - Rehui Car Adviser 前端应用初始化
2025-10-07 00:05:35 | 1.1 | src.utils.logger.ts?t=1759795534443.KeyPointLogger.logResult:96 | 显示空结果状态 - 没有找到匹配的车源
2025-10-07 00:05:35 | 2 | src.utils.logger.ts?t=1759795534443.KeyPointLogger.logResult:96 | 应用启动 - Rehui Car Adviser 前端应用初始化
2025-10-07 00:06:28 | 1.1 | src.utils.logger.ts?t=1759795534443.KeyPointLogger.logResult:96 | 显示空结果状态 - 没有找到匹配的车源
2025-10-07 00:06:28 | 2 | src.utils.logger.ts?t=1759795534443.KeyPointLogger.logResult:96 | 应用启动 - Rehui Car Adviser 前端应用初始化
2025-10-07 00:06:44 | 2 | src.utils.logger.ts?t=1759795604080.KeyPointLogger.logResult:99 | 显示空结果状态 - 没有找到匹配的车源
2025-10-07 00:06:44 | 3 | src.utils.logger.ts?t=1759795604080.KeyPointLogger.logResult:99 | 应用启动 - Rehui Car Adviser 前端应用初始化
2025-10-07 00:07:01 | 2 | src.utils.logger.ts?t=1759795621112.KeyPointLogger.logResult:102 | 系统初始化
2025-10-07 00:07:01 | 3 | src.utils.logger.ts?t=1759795621112.KeyPointLogger.logResult:111 | 应用启动 - Rehui Car Adviser 前端应用初始化
2025-10-07 00:07:01 | 3.1 | src.utils.logger.ts?t=1759795621112.KeyPointLogger.logResult:107 | 显示空结果状态 - 没有找到匹配的车源
2025-10-07 00:07:07 | 2 | src.utils.logger.ts?t=1759795626631.KeyPointLogger.logResult:102 | 系统初始化
2025-10-07 00:07:07 | 3 | src.utils.logger.ts?t=1759795626631.KeyPointLogger.logResult:111 | 应用启动 - Rehui Car Adviser 前端应用初始化
2025-10-07 00:07:07 | 3.1 | src.utils.logger.ts?t=1759795626631.KeyPointLogger.logResult:107 | 显示空结果状态 - 没有找到匹配的车源
2025-10-07 00:07:26 | 2 | src.utils.logger.ts?t=1759795626631.KeyPointLogger.logResult:102 | 系统初始化
2025-10-07 00:07:26 | 3 | src.utils.logger.ts?t=1759795626631.KeyPointLogger.logResult:111 | 应用启动 - Rehui Car Adviser 前端应用初始化
2025-10-07 00:07:26 | 3.1 | src.utils.logger.ts?t=1759795626631.KeyPointLogger.logResult:107 | 显示空结果状态 - 没有找到匹配的车源
2025-10-07 00:07:28 | 2 | src.utils.logger.ts?t=1759795626631.KeyPointLogger.logResult:102 | 系统初始化
2025-10-07 00:07:28 | 3 | src.utils.logger.ts?t=1759795626631.KeyPointLogger.logResult:111 | 应用启动 - Rehui Car Adviser 前端应用初始化
2025-10-07 00:07:28 | 3.1 | src.utils.logger.ts?t=1759795626631.KeyPointLogger.logResult:107 | 显示空结果状态 - 没有找到匹配的车源
2025-10-07 00:07:30 | 2 | src.utils.logger.ts?t=1759795626631.KeyPointLogger.logResult:102 | 系统初始化
2025-10-07 00:07:30 | 3 | src.utils.logger.ts?t=1759795626631.KeyPointLogger.logResult:111 | 应用启动 - Rehui Car Adviser 前端应用初始化
2025-10-07 00:07:30 | 3.1 | src.utils.logger.ts?t=1759795626631.KeyPointLogger.logResult:107 | 显示空结果状态 - 没有找到匹配的车源
2025-10-07 00:07:30 | 2 | src.utils.logger.ts?t=1759795626631.KeyPointLogger.logResult:102 | 系统初始化
2025-10-07 00:07:30 | 3 | src.utils.logger.ts?t=1759795626631.KeyPointLogger.logResult:111 | 应用启动 - Rehui Car Adviser 前端应用初始化
2025-10-07 00:07:30 | 3.1 | src.utils.logger.ts?t=1759795626631.KeyPointLogger.logResult:107 | 显示空结果状态 - 没有找到匹配的车源
2025-10-07 00:07:31 | 2 | src.utils.logger.ts?t=1759795626631.KeyPointLogger.logResult:102 | 系统初始化
2025-10-07 00:07:31 | 3 | src.utils.logger.ts?t=1759795626631.KeyPointLogger.logResult:111 | 应用启动 - Rehui Car Adviser 前端应用初始化
2025-10-07 00:07:31 | 3.1 | src.utils.logger.ts?t=1759795626631.KeyPointLogger.logResult:107 | 显示空结果状态 - 没有找到匹配的车源
2025-10-07 00:07:46 | 2 | src.utils.logger.ts?t=1759795666400.KeyPointLogger.logResult:102 | 系统初始化
2025-10-07 00:07:46 | 3 | src.utils.logger.ts?t=1759795666400.KeyPointLogger.logResult:111 | 应用启动 - Rehui Car Adviser 前端应用初始化
2025-10-07 00:07:46 | 3.1 | src.utils.logger.ts?t=1759795666400.KeyPointLogger.logResult:107 | 显示空结果状态 - 没有找到匹配的车源
2025-10-07 00:07:48 | 2 | src.utils.logger.ts?t=1759795666400.KeyPointLogger.logResult:102 | 系统初始化
2025-10-07 00:07:48 | 3 | src.utils.logger.ts?t=1759795666400.KeyPointLogger.logResult:111 | 应用启动 - Rehui Car Adviser 前端应用初始化
2025-10-07 00:07:48 | 3.1 | src.utils.logger.ts?t=1759795666400.KeyPointLogger.logResult:107 | 显示空结果状态 - 没有找到匹配的车源
2025-10-07 00:08:20 | 1 | src.utils.logger.ts?t=1759795699546.KeyPointLogger.logResult:101 | 系统初始化
2025-10-07 00:08:20 | 2 | src.utils.logger.ts?t=1759795699546.KeyPointLogger.logResult:110 | 应用启动 - Rehui Car Adviser 前端应用初始化
2025-10-07 00:08:20 | 2.1 | src.utils.logger.ts?t=1759795699546.KeyPointLogger.logResult:106 | 显示空结果状态 - 没有找到匹配的车源
2025-10-07 00:08:37 | 1 | src.utils.logger.ts?t=1759795716758.KeyPointLogger.logResult:106 | 系统初始化
2025-10-07 00:08:37 | 1 | src.utils.logger.ts?t=1759795716758.KeyPointLogger.logResult:115 | 应用启动 - Rehui Car Adviser 前端应用初始化
2025-10-07 00:08:37 | 1.1 | src.utils.logger.ts?t=1759795716758.KeyPointLogger.logResult:111 | 显示空结果状态 - 没有找到匹配的车源
2025-10-07 00:08:44 | 1 | src.utils.logger.ts?t=1759795723953.KeyPointLogger.logResult:106 | 系统初始化
2025-10-07 00:08:44 | 1 | src.utils.logger.ts?t=1759795723953.KeyPointLogger.logResult:115 | 应用启动 - Rehui Car Adviser 前端应用初始化
2025-10-07 00:08:44 | 1.1 | src.utils.logger.ts?t=1759795723953.KeyPointLogger.logResult:111 | 显示空结果状态 - 没有找到匹配的车源
2025-10-07 00:08:45 | 1 | src.utils.logger.ts?t=1759795723953.KeyPointLogger.logResult:106 | 系统初始化
2025-10-07 00:08:45 | 1 | src.utils.logger.ts?t=1759795723953.KeyPointLogger.logResult:115 | 应用启动 - Rehui Car Adviser 前端应用初始化
2025-10-07 00:08:45 | 1.1 | src.utils.logger.ts?t=1759795723953.KeyPointLogger.logResult:111 | 显示空结果状态 - 没有找到匹配的车源
2025-10-07 00:08:56 | 1 | src.utils.logger.ts?t=1759795735953.KeyPointLogger.logResult:106 | 系统初始化
2025-10-07 00:08:56 | 1 | src.utils.logger.ts?t=1759795735953.KeyPointLogger.logResult:115 | 应用启动 - Rehui Car Adviser 前端应用初始化
2025-10-07 00:08:56 | 1.1 | src.utils.logger.ts?t=1759795735953.KeyPointLogger.logResult:111 | 显示空结果状态 - 没有找到匹配的车源
2025-10-07 00:08:58 | 1 | src.utils.logger.ts?t=1759795735953.KeyPointLogger.logResult:106 | 系统初始化
2025-10-07 00:08:58 | 1 | src.utils.logger.ts?t=1759795735953.KeyPointLogger.logResult:115 | 应用启动 - Rehui Car Adviser 前端应用初始化
2025-10-07 00:08:58 | 1.1 | src.utils.logger.ts?t=1759795735953.KeyPointLogger.logResult:111 | 显示空结果状态 - 没有找到匹配的车源
2025-10-07 00:09:50 | 1 | src.utils.logger.ts?t=1759795735953.KeyPointLogger.logResult:106 | 系统初始化
2025-10-07 00:09:50 | 1 | src.utils.logger.ts?t=1759795735953.KeyPointLogger.logResult:115 | 应用启动 - Rehui Car Adviser 前端应用初始化
2025-10-07 00:09:50 | 1.1 | src.utils.logger.ts?t=1759795735953.KeyPointLogger.logResult:111 | 显示空结果状态 - 没有找到匹配的车源
2025-10-07 00:10:13 | 1 | src.utils.logger.ts?t=1759795813014.KeyPointLogger.logResult:103 | 显示空结果状态 - 没有找到匹配的车源
2025-10-07 00:10:13 | 1 | src.utils.logger.ts?t=1759795813014.KeyPointLogger.logResult:103 | 应用启动 - Rehui Car Adviser 前端应用初始化
2025-10-07 00:10:17 | 1 | src.utils.logger.ts?t=1759795817649.KeyPointLogger.logResult:103 | 显示空结果状态 - 没有找到匹配的车源
2025-10-07 00:10:17 | 1 | src.utils.logger.ts?t=1759795817649.KeyPointLogger.logResult:103 | 应用启动 - Rehui Car Adviser 前端应用初始化
2025-10-07 00:10:23 | 1 | src.utils.logger.ts?t=1759795817649.KeyPointLogger.logResult:103 | 显示空结果状态 - 没有找到匹配的车源
2025-10-07 00:10:23 | 1 | src.utils.logger.ts?t=1759795817649.KeyPointLogger.logResult:103 | 应用启动 - Rehui Car Adviser 前端应用初始化
2025-10-07 00:10:39 | 1 | src.utils.logger.ts?t=1759795838690.KeyPointLogger.logResult:103 | 显示空结果状态 - 没有找到匹配的车源
2025-10-07 00:10:39 | 1 | src.utils.logger.ts?t=1759795838690.KeyPointLogger.logResult:103 | 应用启动 - Rehui Car Adviser 前端应用初始化
2025-10-07 00:10:40 | 1 | src.utils.logger.ts?t=1759795838690.KeyPointLogger.logResult:103 | 显示空结果状态 - 没有找到匹配的车源
2025-10-07 00:10:40 | 1 | src.utils.logger.ts?t=1759795838690.KeyPointLogger.logResult:103 | 应用启动 - Rehui Car Adviser 前端应用初始化
2025-10-07 00:11:09 | 1.1 | src.utils.logger.ts?t=1759795868673.KeyPointLogger.logResult:93 | 显示空结果状态 - 没有找到匹配的车源
2025-10-07 00:11:09 | 2 | src.utils.logger.ts?t=1759795868673.KeyPointLogger.logResult:93 | 应用启动 - Rehui Car Adviser 前端应用初始化
2025-10-07 00:11:15 | 0.1 | src.utils.logger.ts?t=1759795874481.KeyPointLogger.logResult:93 | 显示空结果状态 - 没有找到匹配的车源
2025-10-07 00:11:15 | 1 | src.utils.logger.ts?t=1759795874481.KeyPointLogger.logResult:93 | 应用启动 - Rehui Car Adviser 前端应用初始化
2025-10-07 00:11:18 | 0.1 | src.utils.logger.ts?t=1759795878910.KeyPointLogger.logResult:93 | 显示空结果状态 - 没有找到匹配的车源
2025-10-07 00:11:18 | 1 | src.utils.logger.ts?t=1759795878910.KeyPointLogger.logResult:93 | 应用启动 - Rehui Car Adviser 前端应用初始化
2025-10-07 00:11:21 | 0.1 | src.utils.logger.ts?t=1759795878910.KeyPointLogger.logResult:93 | 显示空结果状态 - 没有找到匹配的车源
2025-10-07 00:11:21 | 1 | src.utils.logger.ts?t=1759795878910.KeyPointLogger.logResult:93 | 应用启动 - Rehui Car Adviser 前端应用初始化
2025-10-07 00:11:46 | 0.1 | src.utils.logger.ts?t=1759795905839.KeyPointLogger.logResult:93 | 显示空结果状态 - 没有找到匹配的车源
2025-10-07 00:11:46 | 1 | src.utils.logger.ts?t=1759795905839.KeyPointLogger.logResult:93 | 应用启动 - Rehui Car Adviser 前端应用初始化
2025-10-07 00:11:48 | 0.1 | src.utils.logger.ts?t=1759795905839.KeyPointLogger.logResult:93 | 显示空结果状态 - 没有找到匹配的车源
2025-10-07 00:11:48 | 1 | src.utils.logger.ts?t=1759795905839.KeyPointLogger.logResult:93 | 应用启动 - Rehui Car Adviser 前端应用初始化
2025-10-07 00:12:33 | 1.1 | src.utils.logger.ts?t=1759795952325.KeyPointLogger.logResult:99 | 显示空结果状态 - 没有找到匹配的车源
2025-10-07 00:12:33 | 2 | src.utils.logger.ts?t=1759795952325.KeyPointLogger.logResult:99 | 应用启动 - Rehui Car Adviser 前端应用初始化
2025-10-07 00:12:36 | 3 | src.utils.logger.ts?t=1759795952325.KeyPointLogger.logResult:99 | 应用启动 - Rehui Car Adviser 前端应用初始化
2025-10-07 00:12:40 | 1 | src.utils.logger.ts?t=1759795959435.KeyPointLogger.logResult:93 | 应用启动 - Rehui Car Adviser 前端应用初始化
2025-10-07 00:12:40 | 1.1 | src.utils.logger.ts?t=1759795959435.KeyPointLogger.logResult:93 | 显示空结果状态 - 没有找到匹配的车源
2025-10-07 00:12:46 | 1 | src.utils.logger.ts?t=1759795965652.KeyPointLogger.logResult:93 | 应用启动 - Rehui Car Adviser 前端应用初始化
2025-10-07 00:12:46 | 1.1 | src.utils.logger.ts?t=1759795965652.KeyPointLogger.logResult:93 | 显示空结果状态 - 没有找到匹配的车源
2025-10-07 00:14:04 | NaN | src.utils.logger.ts?t=1759796043817.KeyPointLogger.logResult:91 | 应用启动 - Rehui Car Adviser 前端应用初始化
2025-10-07 00:14:04 | NaN.1 | src.utils.logger.ts?t=1759796043817.KeyPointLogger.logResult:91 | 显示空结果状态 - 没有找到匹配的车源
2025-10-07 00:14:07 | 1 | src.utils.logger.ts?t=1759796046517.KeyPointLogger.logResult:86 | 应用启动 - Rehui Car Adviser 前端应用初始化
2025-10-07 00:14:07 | 1 | src.utils.logger.ts?t=1759796046517.KeyPointLogger.logResult:86 | 显示空结果状态 - 没有找到匹配的车源
2025-10-07 00:14:17 | 1 | src.utils.logger.ts?t=1759796056352.KeyPointLogger.logResult:90 | 应用启动 - Rehui Car Adviser 前端应用初始化
2025-10-07 00:14:17 | 1 | src.utils.logger.ts?t=1759796056352.KeyPointLogger.logResult:90 | 显示空结果状态 - 没有找到匹配的车源
2025-10-07 00:14:22 | 1 | src.utils.logger.ts?t=1759796061761.KeyPointLogger.logResult:91 | 应用启动 - Rehui Car Adviser 前端应用初始化
2025-10-07 00:14:22 | 1 | src.utils.logger.ts?t=1759796061761.KeyPointLogger.logResult:91 | 显示空结果状态 - 没有找到匹配的车源
2025-10-07 00:14:24 | 2 | src.utils.logger.ts?t=1759796061761.KeyPointLogger.logResult:91 | 应用启动 - Rehui Car Adviser 前端应用初始化
2025-10-07 00:14:34 | 1 | src.utils.logger.ts?t=1759796073774.KeyPointLogger.logResult:91 | 应用启动 - Rehui Car Adviser 前端应用初始化
2025-10-07 00:14:34 | 1 | src.utils.logger.ts?t=1759796073774.KeyPointLogger.logResult:91 | 显示空结果状态 - 没有找到匹配的车源
2025-10-07 00:15:06 | 1 | src.utils.logger.ts?t=1759796105106.KeyPointLogger.logResult:91 | 应用启动 - Rehui Car Adviser 前端应用初始化
2025-10-07 00:15:06 | 1 | src.utils.logger.ts?t=1759796105106.KeyPointLogger.logResult:91 | 显示空结果状态 - 没有找到匹配的车源
2025-10-07 00:15:10 | 1 | src.utils.logger.ts?t=1759796105106.KeyPointLogger.logResult:91 | 应用启动 - Rehui Car Adviser 前端应用初始化
2025-10-07 00:15:10 | 1 | src.utils.logger.ts?t=1759796105106.KeyPointLogger.logResult:91 | 显示空结果状态 - 没有找到匹配的车源
2025-10-07 00:15:15 | 1 | src.utils.logger.ts?t=1759796105106.KeyPointLogger.logResult:91 | 用户提交搜索 - 查询: 你妈
2025-10-07 00:15:15 | 1 | src.utils.logger.ts?t=1759796105106.KeyPointLogger.logResult:91 | 开始搜索流程 - 查询: 你妈
2025-10-07 00:15:15 | 1 | src.utils.logger.ts?t=1759796105106.KeyPointLogger.logResult:91 | 发送API请求 - POST /api/search, 查询: 你妈
2025-10-07 00:15:15 | 2 | src.utils.logger.ts?t=1759796105106.KeyPointLogger.logResult:91 | 显示加载状态 - 用户等待搜索结果
2025-10-07 00:15:15 | 2 | src.utils.logger.ts?t=1759796105106.KeyPointLogger.logResult:91 | API请求失败 - 错误: Request failed with status code 400
2025-10-07 00:15:15 | 2 | src.utils.logger.ts?t=1759796105106.KeyPointLogger.logResult:91 | 搜索失败 - 错误: Request failed with status code 400
2025-10-07 00:15:15 | 3 | src.utils.logger.ts?t=1759796105106.KeyPointLogger.logResult:91 | 显示错误状态 - 错误: Request failed with status code 400
2025-10-07 00:16:34 | 1 | src.utils.logger.ts?t=1759796193284.KeyPointLogger.logResult:84 | 应用启动 - Rehui Car Adviser 前端应用初始化
2025-10-07 00:16:34 | 2 | src.utils.logger.ts?t=1759796193284.KeyPointLogger.logResult:84 | 显示错误状态 - 错误: Request failed with status code 400
2025-10-07 00:16:36 | 1 | src.utils.logger.ts?t=1759796195287.KeyPointLogger.logResult:84 | 应用启动 - Rehui Car Adviser 前端应用初始化
2025-10-07 00:16:36 | 2 | src.utils.logger.ts?t=1759796195287.KeyPointLogger.logResult:84 | 显示错误状态 - 错误: Request failed with status code 400
2025-10-07 00:16:43 | 1 | src.utils.logger.ts?t=1759796203037.KeyPointLogger.logResult:84 | 应用启动 - Rehui Car Adviser 前端应用初始化
2025-10-07 00:16:43 | 2 | src.utils.logger.ts?t=1759796203037.KeyPointLogger.logResult:84 | 显示错误状态 - 错误: Request failed with status code 400
2025-10-07 00:17:00 | 1 | src.utils.logger.ts?t=1759796219436.KeyPointLogger.logResult:84 | 应用启动 - Rehui Car Adviser 前端应用初始化
2025-10-07 00:17:00 | 2 | src.utils.logger.ts?t=1759796219436.KeyPointLogger.logResult:84 | 显示错误状态 - 错误: Request failed with status code 400
2025-10-07 00:17:08 | 1 | src.utils.logger.ts?t=1759796219436.KeyPointLogger.logResult:84 | 应用启动 - Rehui Car Adviser 前端应用初始化
2025-10-07 00:17:08 | 2 | src.utils.logger.ts?t=1759796219436.KeyPointLogger.logResult:84 | 显示空结果状态 - 没有找到匹配的车源
2025-10-07 00:17:36 | 3 | src.utils.logger.ts?t=1759796219436.KeyPointLogger.logResult:84 | 用户提交搜索 - 查询: 你妈
2025-10-07 00:17:36 | 4 | src.utils.logger.ts?t=1759796219436.KeyPointLogger.logResult:84 | 开始搜索流程 - 查询: 你妈
2025-10-07 00:17:36 | 5 | src.utils.logger.ts?t=1759796219436.KeyPointLogger.logResult:84 | 发送API请求 - POST /api/search, 查询: 你妈
2025-10-07 00:17:36 | 6 | src.utils.logger.ts?t=1759796219436.KeyPointLogger.logResult:84 | 显示加载状态 - 用户等待搜索结果
2025-10-07 00:17:36 | 7 | src.utils.logger.ts?t=1759796219436.KeyPointLogger.logResult:84 | API请求失败 - 错误: Request failed with status code 400
2025-10-07 00:17:36 | 8 | src.utils.logger.ts?t=1759796219436.KeyPointLogger.logResult:84 | 搜索失败 - 错误: Request failed with status code 400
2025-10-07 00:17:36 | 9 | src.utils.logger.ts?t=1759796219436.KeyPointLogger.logResult:84 | 显示错误状态 - 错误: Request failed with status code 400
2025-10-07 00:19:36 | 1 | src.utils.logger.ts.KeyPointLogger.logResult:84 | 应用启动 - Rehui Car Adviser 前端应用初始化
2025-10-07 00:19:36 | 2 | src.utils.logger.ts.KeyPointLogger.logResult:84 | 显示错误状态 - 错误: Request failed with status code 400
2025-10-07 00:19:53 | 1 | src.utils.logger.ts.KeyPointLogger.logResult:124 | 应用启动 - Rehui Car Adviser 前端应用初始化
2025-10-07 00:19:53 | 2 | src.utils.logger.ts.KeyPointLogger.logResult:124 | 显示错误状态 - 错误: Request failed with status code 400
2025-10-07 00:19:59 | 1 | src.utils.logger.ts.KeyPointLogger.logResult:125 | 应用启动 - Rehui Car Adviser 前端应用初始化
2025-10-07 00:19:59 | 2 | src.utils.logger.ts.KeyPointLogger.logResult:125 | 显示错误状态 - 错误: Request failed with status code 400
2025-10-07 00:20:05 | 1 | src.utils.logger.ts.KeyPointLogger.logResult:125 | 应用启动 - Rehui Car Adviser 前端应用初始化
2025-10-07 00:20:05 | 2 | src.utils.logger.ts.KeyPointLogger.logResult:125 | 显示错误状态 - 错误: Request failed with status code 400
2025-10-07 00:20:29 | 1 | src.utils.logger.ts.KeyPointLogger.logResult:125 | 应用启动 - Rehui Car Adviser 前端应用初始化
2025-10-07 00:20:29 | 2 | src.utils.logger.ts.KeyPointLogger.logResult:125 | 显示错误状态 - 错误: Request failed with status code 400
2025-10-07 00:20:32 | 1 | src.utils.logger.ts.KeyPointLogger.logResult:125 | 应用启动 - Rehui Car Adviser 前端应用初始化
2025-10-07 00:20:32 | 2 | src.utils.logger.ts.KeyPointLogger.logResult:125 | 显示空结果状态 - 没有找到匹配的车源
2025-10-07 00:20:43 | 3 | src.utils.logger.ts.KeyPointLogger.logResult:125 | 用户提交搜索 - 查询: nima 
2025-10-07 00:20:43 | 4 | src.utils.logger.ts.KeyPointLogger.logResult:125 | 开始搜索流程 - 查询: nima
2025-10-07 00:20:43 | 5 | src.utils.logger.ts.KeyPointLogger.logResult:125 | 发送API请求 - POST /api/search, 查询: nima
2025-10-07 00:20:43 | 6 | src.utils.logger.ts.KeyPointLogger.logResult:125 | 显示加载状态 - 用户等待搜索结果
2025-10-07 00:21:02 | 7 | src.utils.logger.ts.KeyPointLogger.logResult:125 | API请求成功 - 返回0条结果
2025-10-07 00:21:02 | 8 | src.utils.logger.ts.KeyPointLogger.logResult:125 | 搜索成功 - 返回0条结果
2025-10-07 00:22:49 | 1 | src.utils.logger.ts.KeyPointLogger.logResult:125 | 应用启动 - Rehui Car Adviser 前端应用初始化
2025-10-07 00:22:49 | 2 | src.utils.logger.ts.KeyPointLogger.logResult:125 | 显示空结果状态 - 没有找到匹配的车源
2025-10-07 00:22:55 | 1 | src.utils.logger.ts.KeyPointLogger.logResult:125 | 应用启动 - Rehui Car Adviser 前端应用初始化
2025-10-07 00:22:55 | 2 | src.utils.logger.ts.KeyPointLogger.logResult:125 | 显示空结果状态 - 没有找到匹配的车源
2025-10-07 00:23:11 | 1 | src.utils.logger.ts.KeyPointLogger.logResult:137 | 应用启动 - Rehui Car Adviser 前端应用初始化
2025-10-07 00:23:11 | 2 | src.utils.logger.ts.KeyPointLogger.logResult:137 | 显示空结果状态 - 没有找到匹配的车源
2025-10-07 00:23:17 | 1 | src.utils.logger.ts.KeyPointLogger.logResult:137 | 应用启动 - Rehui Car Adviser 前端应用初始化
2025-10-07 00:23:17 | 2 | src.utils.logger.ts.KeyPointLogger.logResult:137 | 显示空结果状态 - 没有找到匹配的车源
2025-10-07 00:23:18 | 1 | src.utils.logger.ts.KeyPointLogger.logResult:137 | 应用启动 - Rehui Car Adviser 前端应用初始化
2025-10-07 00:23:18 | 2 | src.utils.logger.ts.KeyPointLogger.logResult:137 | 显示空结果状态 - 没有找到匹配的车源
2025-10-07 00:23:41 | 1 | src.utils.logger.ts.KeyPointLogger.logResult:137 | 应用启动 - Rehui Car Adviser 前端应用初始化
2025-10-07 00:23:41 | 2 | src.utils.logger.ts.KeyPointLogger.logResult:137 | 显示空结果状态 - 没有找到匹配的车源
2025-10-07 00:24:45 | 1 | src.utils.logger.ts.KeyPointLogger.logResult:156 | 应用启动 - Rehui Car Adviser 前端应用初始化
2025-10-07 00:24:45 | 2 | src.utils.logger.ts.KeyPointLogger.logResult:156 | 显示空结果状态 - 没有找到匹配的车源
2025-10-07 00:25:30 | 1 | src.utils.logger.ts.KeyPointLogger.logResult:156 | 应用启动 - Rehui Car Adviser 前端应用初始化
2025-10-07 00:25:30 | 2 | src.utils.logger.ts.KeyPointLogger.logResult:156 | 显示空结果状态 - 没有找到匹配的车源
2025-10-07 00:25:43 | 1 | src.utils.logger.ts.KeyPointLogger.logResult:156 | 应用启动 - Rehui Car Adviser 前端应用初始化
2025-10-07 00:25:43 | 2 | src.utils.logger.ts.KeyPointLogger.logResult:156 | 显示空结果状态 - 没有找到匹配的车源
2025-10-07 00:25:49 | 1 | src.utils.logger.ts.KeyPointLogger.logResult:156 | 应用启动 - Rehui Car Adviser 前端应用初始化
2025-10-07 00:25:49 | 2 | src.utils.logger.ts.KeyPointLogger.logResult:156 | 显示空结果状态 - 没有找到匹配的车源
2025-10-07 00:26:44 | 1 | src.utils.logger.ts.KeyPointLogger.logResult:163 | 应用启动 - Rehui Car Adviser 前端应用初始化
2025-10-07 00:26:44 | 2 | src.utils.logger.ts.KeyPointLogger.logResult:163 | 显示空结果状态 - 没有找到匹配的车源
2025-10-07 00:27:43 | 1 | src.utils.logger.ts.KeyPointLogger.logResult:163 | 应用启动 - Rehui Car Adviser 前端应用初始化
2025-10-07 00:27:43 | 2 | src.utils.logger.ts.KeyPointLogger.logResult:163 | 显示空结果状态 - 没有找到匹配的车源
2025-10-07 00:27:44 | 1 | src.utils.logger.ts.KeyPointLogger.logResult:163 | 应用启动 - Rehui Car Adviser 前端应用初始化
2025-10-07 00:27:44 | 2 | src.utils.logger.ts.KeyPointLogger.logResult:163 | 显示空结果状态 - 没有找到匹配的车源
2025-10-07 00:28:18 | 1 | src.utils.logger.ts.KeyPointLogger.logResult:164 | 应用启动 - Rehui Car Adviser 前端应用初始化
2025-10-07 00:28:18 | 2 | src.utils.logger.ts.KeyPointLogger.logResult:164 | 显示空结果状态 - 没有找到匹配的车源
2025-10-07 00:28:19 | 1 | src.utils.logger.ts.KeyPointLogger.logResult:164 | 应用启动 - Rehui Car Adviser 前端应用初始化
2025-10-07 00:28:19 | 2 | src.utils.logger.ts.KeyPointLogger.logResult:164 | 显示空结果状态 - 没有找到匹配的车源
2025-10-07 00:29:15 | 1 | src.utils.logger.ts.KeyPointLogger.logResult:164 | 应用启动 - Rehui Car Adviser 前端应用初始化
2025-10-07 00:29:15 | 2 | src.utils.logger.ts.KeyPointLogger.logResult:164 | 显示空结果状态 - 没有找到匹配的车源
2025-10-07 00:29:19 | 1 | src.utils.logger.ts.KeyPointLogger.logResult:164 | 应用启动 - Rehui Car Adviser 前端应用初始化
2025-10-07 00:29:19 | 2 | src.utils.logger.ts.KeyPointLogger.logResult:164 | 显示空结果状态 - 没有找到匹配的车源
2025-10-07 00:31:26 | 1 | src.utils.logger.ts.KeyPointLogger.logResult:164 | 应用启动 - Rehui Car Adviser 前端应用初始化
2025-10-07 00:31:26 | 2 | src.utils.logger.ts.KeyPointLogger.logResult:164 | 显示空结果状态 - 没有找到匹配的车源
2025-10-07 00:32:26 | 1 | src.App.tsx.App:22 | 应用启动 - Rehui Car Adviser 前端应用初始化
2025-10-07 00:32:26 | 2 | src.components.CarList.tsx.anonymous:31 | 显示空结果状态 - 没有找到匹配的车源
2025-10-07 00:33:47 | 1 | src.App.tsx.App:22 | 应用启动 - Rehui Car Adviser 前端应用初始化
2025-10-07 00:33:47 | 2 | src.components.CarList.tsx.anonymous:31 | 显示空结果状态 - 没有找到匹配的车源
2025-10-07 00:33:56 | 3 | src.utils.logger.ts.EnhancedLogger.logResult:97 | 2025-10-07 00:33:56 | 1 | src.App.tsx.App:22 | 应用启动 - Rehui Car Adviser 前端应用初始化
2025-10-07 00:33:56 | 1 | src.App.tsx.App:22 | 应用启动 - Rehui Car Adviser 前端应用初始化
2025-10-07 00:33:56 | 4 | src.utils.logger.ts.EnhancedLogger.logResult:97 | 2025-10-07 00:33:56 | 2 | src.components.CarList.tsx.anonymous:31 | 显示空结果状态 - 没有找到匹配的车源
2025-10-07 00:33:56 | 2 | src.components.CarList.tsx.anonymous:31 | 显示空结果状态 - 没有找到匹配的车源
2025-10-07 00:34:08 | 5 | src.utils.logger.ts.EnhancedLogger.logResult:97 | 2025-10-07 00:34:08 | 3 | src.App.tsx.App:23 | 应用启动 - Rehui Car Adviser 前端应用初始化
2025-10-07 00:34:08 | 3 | src.App.tsx.App:23 | 应用启动 - Rehui Car Adviser 前端应用初始化
2025-10-07 00:34:08 | 6 | src.utils.logger.ts.EnhancedLogger.logResult:97 | 2025-10-07 00:34:08 | 4 | src.utils.logger-test.testLoggerFormat:4 | 测试关键部位日志 - 验证格式是否正确
2025-10-07 00:34:08 | 4 | src.utils.logger-test.testLoggerFormat:4 | 测试关键部位日志 - 验证格式是否正确
2025-10-07 00:34:08 | 7 | src.utils.logger.ts.EnhancedLogger.info:104 | 2025-10-07 00:34:08 | 5 | src.utils.logger-test.testLoggerFormat:5 | 测试标准日志
2025-10-07 00:34:08 | 8 | src.utils.logger.ts.EnhancedLogger.warn:107 | 2025-10-07 00:34:08 | 6 | src.utils.logger-test.testLoggerFormat:6 | 测试警告日志
2025-10-07 00:34:08 | 5 | src.utils.logger-test.testLoggerFormat:5 | 测试标准日志
2025-10-07 00:34:08 | 9 | src.utils.logger.ts.EnhancedLogger.error:110 | 2025-10-07 00:34:08 | 7 | src.utils.logger-test.testLoggerFormat:7 | 测试错误日志
2025-10-07 00:34:08 | 6 | src.utils.logger-test.testLoggerFormat:6 | 测试警告日志
2025-10-07 00:34:08 | 7 | src.utils.logger-test.testLoggerFormat:7 | 测试错误日志
2025-10-07 00:34:19 | 10 | src.utils.logger.ts.Logger.info:21 | 2025-10-07 00:34:19 | 8 | src.utils.logger.ts.EnhancedLogger.logResult:97 | 2025-10-07 00:34:19 | 1 | src.App.tsx.App:22 | 应用启动 - Rehui Car Adviser 前端应用初始化
2025-10-07 00:34:19 | 8 | src.utils.logger.ts.EnhancedLogger.logResult:97 | 2025-10-07 00:34:19 | 1 | src.App.tsx.App:22 | 应用启动 - Rehui Car Adviser 前端应用初始化
2025-10-07 00:34:19 | 1 | src.App.tsx.App:22 | 应用启动 - Rehui Car Adviser 前端应用初始化
2025-10-07 00:34:19 | 11 | src.utils.logger.ts.Logger.info:21 | 2025-10-07 00:34:19 | 9 | src.utils.logger.ts.EnhancedLogger.logResult:97 | 2025-10-07 00:34:19 | 2 | src.components.CarList.tsx.anonymous:31 | 显示空结果状态 - 没有找到匹配的车源
2025-10-07 00:34:19 | 9 | src.utils.logger.ts.EnhancedLogger.logResult:97 | 2025-10-07 00:34:19 | 2 | src.components.CarList.tsx.anonymous:31 | 显示空结果状态 - 没有找到匹配的车源
2025-10-07 00:34:19 | 2 | src.components.CarList.tsx.anonymous:31 | 显示空结果状态 - 没有找到匹配的车源
2025-10-07 00:34:44 | 1 | src.App.tsx.App:22 | 应用启动 - Rehui Car Adviser 前端应用初始化
2025-10-07 00:34:44 | 2 | src.components.CarList.tsx.anonymous:31 | 显示空结果状态 - 没有找到匹配的车源
2025-10-07 00:36:37 | 1 | src.App.tsx.App:22 | 2025-10-07 00:36:37 | 1 | src.App.tsx.App:22 | 应用启动 - Rehui Car Adviser 前端应用初始化
2025-10-07 00:36:37 | 2 | src.components.CarList.tsx.anonymous:31 | 2025-10-07 00:36:37 | 2 | src.components.CarList.tsx.anonymous:31 | 显示空结果状态 - 没有找到匹配的车源
2025-10-07 00:36:37 | 1 | src.App.tsx.App:22 | 应用启动 - Rehui Car Adviser 前端应用初始化
2025-10-07 00:36:37 | 2 | src.components.CarList.tsx.anonymous:31 | 显示空结果状态 - 没有找到匹配的车源
2025-10-07 00:38:03 | 1 | src.App.App:22 | 应用启动 - Rehui Car Adviser 前端应用初始化
2025-10-07 00:38:03 | 2 | src.components.CarList.anonymous:31 | 显示空结果状态 - 没有找到匹配的车源
2025-10-07 00:38:17 | 3 | src.components.SearchForm.handleSubmit:27 | 用户提交搜索 - 查询: 好像可以了
2025-10-07 00:38:17 | 4 | src.contexts.SearchContext.searchCarsHandler:37 | 开始搜索流程 - 查询: 好像可以了
2025-10-07 00:38:17 | 5 | src.services.api.searchCars:13 | 发送API请求 - POST /api/search, 查询: 好像可以了
2025-10-07 00:38:17 | 6 | src.components.CarList.anonymous:27 | 显示加载状态 - 用户等待搜索结果
2025-10-07 00:38:33 | 7 | src.services.api.searchCars:19 | API请求成功 - 返回0条结果
2025-10-07 00:38:33 | 8 | src.contexts.SearchContext.searchCarsHandler:50 | 搜索成功 - 返回0条结果
2025-10-07 00:39:20 | 1 | src.App.App:22 | 应用启动 - Rehui Car Adviser 前端应用初始化
2025-10-07 00:39:20 | 2 | src.components.CarList.anonymous:31 | 显示空结果状态 - 没有找到匹配的车源
2025-10-07 00:47:12 | 3 | src.components.SearchForm.tsx.handleSubmit:27 | 用户提交搜索 - 查询: 你大爷
2025-10-07 00:47:12 | 5 | src.services.api.searchCars:13 | 发送API请求 - POST /api/search, 查询: 你大爷
2025-10-07 00:47:12 | 4 | src.contexts.SearchContext.tsx.searchCarsHandler:37 | 开始搜索流程 - 查询: 你大爷
2025-10-07 00:47:12 | 6 | src.components.CarList.tsx.anonymous:27 | 显示加载状态 - 用户等待搜索结果
2025-10-07 00:47:28 | 7 | src.services.api.searchCars:19 | API请求成功 - 返回0条结果
2025-10-07 00:47:28 | 8 | src.contexts.SearchContext.tsx.searchCarsHandler:50 | 搜索成功 - 返回0条结果
2025-10-07 00:50:00 | 1 | src.App.tsx.App:22 | 应用启动 - Rehui Car Adviser 前端应用初始化
2025-10-07 00:50:00 | 2 | src.components.CarList.tsx.anonymous:31 | 显示空结果状态 - 没有找到匹配的车源
2025-10-07 00:53:06 | 1 | src.App.tsx.App:28 | 应用启动 - Rehui Car Adviser 前端应用初始化
2025-10-07 00:53:10 | 2 | src.components.CarList.tsx.anonymous:31 | 显示空结果状态 - 没有找到匹配的车源
2025-10-07 00:54:16 | 1 | src.App.tsx.App:22 | 应用启动 - Rehui Car Adviser 前端应用初始化
2025-10-07 01:07:48 | 2 | src.components.ConversationSearch.handleSubmit:35 | 用户发送消息 - 消息: 你妈...
2025-10-07 01:07:48 | 4 | src.services.api.ts.sendConversationMessage:41 | 发送对话请求 - POST /api/conversation, 消息: 你妈...
2025-10-07 01:07:48 | 3 | src.contexts.ConversationContext.sendMessage:38 | 开始发送消息 - 消息: 你妈...
2025-10-07 01:07:51 | 5 | src.services.api.ts.sendConversationMessage:45 | 对话请求成功 - AI回复长度: 113
2025-10-07 01:07:51 | 6 | src.contexts.ConversationContext.sendMessage:61 | 发送消息成功 - AI回复长度: 113
2025-10-07 01:08:06 | 7 | src.components.ConversationSearch.handleClear:40 | 用户清除对话 - 重置对话历史
2025-10-07 01:08:06 | 8 | src.contexts.ConversationContext.clearConversation:86 | 清除对话 - 重置对话状态
2025-10-07 01:09:39 | 1 | src.App.tsx.App:22 | 应用启动 - Rehui Car Adviser 前端应用初始化
2025-10-07 01:10:53 | 1 | src.App.tsx.App:22 | 应用启动 - Rehui Car Adviser 前端应用初始化
2025-10-07 01:11:04 | 1 | src.App.tsx.App:22 | 应用启动 - Rehui Car Adviser 前端应用初始化
2025-10-07 01:11:09 | 2 | src.components.ConversationSearch.tsx.handleSubmit:35 | 用户发送消息 - 消息: 你大爷...
2025-10-07 01:11:09 | 3 | src.contexts.ConversationContext.sendMessage:38 | 开始发送消息 - 消息: 你大爷...
2025-10-07 01:11:09 | 4 | src.services.api.ts.sendConversationMessage:41 | 发送对话请求 - POST /api/conversation, 消息: 你大爷...
2025-10-07 01:11:12 | 5 | src.services.api.ts.sendConversationMessage:45 | 对话请求成功 - AI回复长度: 108
2025-10-07 01:11:12 | 6 | src.contexts.ConversationContext.sendMessage:61 | 发送消息成功 - AI回复长度: 108
2025-10-07 01:11:25 | 1 | src.App.tsx.App:22 | 应用启动 - Rehui Car Adviser 前端应用初始化
2025-10-07 01:11:31 | 2 | src.components.ConversationSearch.tsx.handleSubmit:35 | 用户发送消息 - 消息: 你大爷...
2025-10-07 01:11:31 | 3 | src.contexts.ConversationContext.sendMessage:38 | 开始发送消息 - 消息: 你大爷...
2025-10-07 01:11:31 | 4 | src.services.api.ts.sendConversationMessage:41 | 发送对话请求 - POST /api/conversation, 消息: 你大爷...
2025-10-07 01:11:34 | 5 | src.services.api.ts.sendConversationMessage:45 | 对话请求成功 - AI回复长度: 92
2025-10-07 01:11:34 | 6 | src.contexts.ConversationContext.sendMessage:61 | 发送消息成功 - AI回复长度: 92
2025-10-07 01:11:45 | 1 | src.App.tsx.App:22 | 应用启动 - Rehui Car Adviser 前端应用初始化
2025-10-07 01:12:03 | 2 | src.components.ConversationSearch.tsx.handleSubmit:35 | 用户发送消息 - 消息: 你大爷...
2025-10-07 01:12:03 | 3 | src.contexts.ConversationContext.sendMessage:38 | 开始发送消息 - 消息: 你大爷...
2025-10-07 01:12:03 | 4 | src.services.api.ts.sendConversationMessage:41 | 发送对话请求 - POST /api/conversation, 消息: 你大爷...
2025-10-07 01:12:06 | 5 | src.services.api.ts.sendConversationMessage:45 | 对话请求成功 - AI回复长度: 118
2025-10-07 01:12:06 | 6 | src.contexts.ConversationContext.sendMessage:61 | 发送消息成功 - AI回复长度: 118
2025-10-07 01:12:59 | 1 | src.App.tsx.App:22 | 应用启动 - Rehui Car Adviser 前端应用初始化
2025-10-07 01:13:05 | 2 | src.components.ConversationSearch.tsx.handleSubmit:35 | 用户发送消息 - 消息: 你大爷...
2025-10-07 01:13:05 | 3 | src.contexts.ConversationContext.sendMessage:38 | 开始发送消息 - 消息: 你大爷...
2025-10-07 01:13:05 | 4 | src.services.api.ts.sendConversationMessage:41 | 发送对话请求 - POST /api/conversation, 消息: 你大爷...
2025-10-07 01:13:09 | 5 | src.services.api.ts.sendConversationMessage:45 | 对话请求成功 - AI回复长度: 123
2025-10-07 01:13:09 | 6 | src.contexts.ConversationContext.sendMessage:61 | 发送消息成功 - AI回复长度: 123
2025-10-07 01:14:17 | 1 | src.App.tsx.App:22 | 应用启动 - Rehui Car Adviser 前端应用初始化
2025-10-07 01:15:09 | 1 | src.App.tsx.App:22 | 应用启动 - Rehui Car Adviser 前端应用初始化
2025-10-07 01:15:16 | 2 | src.components.ConversationSearch.tsx.handleSubmit:35 | 用户发送消息 - 消息: 你大爷...
2025-10-07 01:15:16 | 4 | src.services.api.ts.sendConversationMessage:41 | 发送对话请求 - POST /api/conversation, 消息: 你大爷...
2025-10-07 01:15:16 | 3 | src.contexts.ConversationContext.sendMessage:38 | 开始发送消息 - 消息: 你大爷...
2025-10-07 01:15:21 | 5 | src.services.api.ts.sendConversationMessage:45 | 对话请求成功 - AI回复长度: 127
2025-10-07 01:15:21 | 6 | src.contexts.ConversationContext.sendMessage:61 | 发送消息成功 - AI回复长度: 127
2025-10-07 01:16:59 | 1 | src.App.tsx.App:22 | 应用启动 - Rehui Car Adviser 前端应用初始化
2025-10-07 01:17:02 | 2 | src.components.ConversationSearch.tsx.handleSubmit:35 | 用户发送消息 - 消息: 你大爷...
2025-10-07 01:17:02 | 3 | src.contexts.ConversationContext.sendMessage:38 | 开始发送消息 - 消息: 你大爷...
2025-10-07 01:17:02 | 4 | src.services.api.ts.sendConversationMessage:41 | 发送对话请求 - POST /api/conversation, 消息: 你大爷...
2025-10-07 01:17:06 | 5 | src.services.api.ts.sendConversationMessage:45 | 对话请求成功 - AI回复长度: 81
2025-10-07 01:17:06 | 6 | src.contexts.ConversationContext.sendMessage:61 | 发送消息成功 - AI回复长度: 81
2025-10-07 01:18:14 | 1 | src.App.tsx.App:22 | 应用启动 - Rehui Car Adviser 前端应用初始化
2025-10-07 01:18:59 | 1 | src.App.tsx.App:22 | 应用启动 - Rehui Car Adviser 前端应用初始化
2025-10-07 01:19:06 | 1 | src.App.tsx.App:22 | 应用启动 - Rehui Car Adviser 前端应用初始化
2025-10-07 01:20:12 | 1 | src.App.tsx.App:22 | 应用启动 - Rehui Car Adviser 前端应用初始化
2025-10-07 01:21:21 | 1 | src.App.tsx.App:22 | 应用启动 - Rehui Car Adviser 前端应用初始化
2025-10-07 01:22:50 | 2 | src.components.ConversationSearch.tsx.handleSubmit:35 | 用户发送消息 - 消息: 你大爷...
2025-10-07 01:22:50 | 3 | src.contexts.ConversationContext.sendMessage:38 | 开始发送消息 - 消息: 你大爷...
2025-10-07 01:22:50 | 4 | src.services.api.ts.sendConversationMessage:41 | 发送对话请求 - POST /api/conversation, 消息: 你大爷...
2025-10-07 01:22:53 | 5 | src.services.api.ts.sendConversationMessage:45 | 对话请求成功 - AI回复长度: 114
2025-10-07 01:22:53 | 6 | src.contexts.ConversationContext.sendMessage:61 | 发送消息成功 - AI回复长度: 114
2025-10-07 01:23:00 | 1 | src.App.tsx.App:22 | 应用启动 - Rehui Car Adviser 前端应用初始化
2025-10-07 01:23:15 | 2 | src.components.ConversationSearch.tsx.handleSubmit:35 | 用户发送消息 - 消息: 你大爷...
2025-10-07 01:23:15 | 3 | src.contexts.ConversationContext.sendMessage:38 | 开始发送消息 - 消息: 你大爷...
2025-10-07 01:23:15 | 4 | src.services.api.ts.sendConversationMessage:41 | 发送对话请求 - POST /api/conversation, 消息: 你大爷...
2025-10-07 01:23:17 | 5 | src.services.api.ts.sendConversationMessage:45 | 对话请求成功 - AI回复长度: 177
2025-10-07 01:23:17 | 6 | src.contexts.ConversationContext.sendMessage:61 | 发送消息成功 - AI回复长度: 177
2025-10-07 01:24:51 | 1 | src.App.tsx.App:22 | 应用启动 - Rehui Car Adviser 前端应用初始化
2025-10-07 01:24:55 | 2 | src.components.ConversationSearch.tsx.handleSubmit:35 | 用户发送消息 - 消息: 你大爷...
2025-10-07 01:24:55 | 3 | src.contexts.ConversationContext.sendMessage:38 | 开始发送消息 - 消息: 你大爷...
2025-10-07 01:24:55 | 4 | src.services.api.ts.sendConversationMessage:41 | 发送对话请求 - POST /api/conversation, 消息: 你大爷...
2025-10-07 01:24:57 | 5 | src.services.api.ts.sendConversationMessage:45 | 对话请求成功 - AI回复长度: 82
2025-10-07 01:24:57 | 6 | src.contexts.ConversationContext.sendMessage:61 | 发送消息成功 - AI回复长度: 82
2025-10-07 01:27:14 | 1 | src.App.tsx.App:22 | 应用启动 - Rehui Car Adviser 前端应用初始化
2025-10-07 01:27:26 | 1 | src.App.tsx.App:22 | 应用启动 - Rehui Car Adviser 前端应用初始化
2025-10-07 01:27:33 | 1 | src.App.tsx.App:22 | 应用启动 - Rehui Car Adviser 前端应用初始化
2025-10-07 01:27:39 | 1 | src.App.tsx.App:22 | 应用启动 - Rehui Car Adviser 前端应用初始化
2025-10-07 01:27:46 | 2 | src.components.ConversationSearch.tsx.handleSubmit:35 | 用户发送消息 - 消息: n...
2025-10-07 01:27:46 | 3 | src.contexts.ConversationContext.sendMessage:38 | 开始发送消息 - 消息: n...
2025-10-07 01:27:46 | 4 | src.services.api.ts.sendConversationMessage:41 | 发送对话请求 - POST /api/conversation, 消息: n...
2025-10-07 01:27:49 | 5 | src.services.api.ts.sendConversationMessage:45 | 对话请求成功 - AI回复长度: 119
2025-10-07 01:27:49 | 6 | src.contexts.ConversationContext.sendMessage:61 | 发送消息成功 - AI回复长度: 119
2025-10-07 01:28:43 | 1 | src.App.tsx.App:22 | 应用启动 - Rehui Car Adviser 前端应用初始化
2025-10-07 01:30:17 | 2 | src.components.ConversationSearch.tsx.handleSubmit:35 | 用户发送消息 - 消息: 你大爷...
2025-10-07 01:30:17 | 3 | src.contexts.ConversationContext.sendMessage:38 | 开始发送消息 - 消息: 你大爷...
2025-10-07 01:30:17 | 4 | src.services.api.ts.sendConversationMessage:41 | 发送对话请求 - POST /api/conversation, 消息: 你大爷...
2025-10-07 01:30:20 | 5 | src.services.api.ts.sendConversationMessage:45 | 对话请求成功 - AI回复长度: 94
2025-10-07 01:30:20 | 6 | src.contexts.ConversationContext.sendMessage:61 | 发送消息成功 - AI回复长度: 94
2025-10-07 01:30:29 | 7 | src.components.ConversationSearch.tsx.handleSubmit:35 | 用户发送消息 - 消息: 西八...
2025-10-07 01:30:29 | 8 | src.contexts.ConversationContext.sendMessage:38 | 开始发送消息 - 消息: 西八...
2025-10-07 01:30:29 | 9 | src.services.api.ts.sendConversationMessage:41 | 发送对话请求 - POST /api/conversation, 消息: 西八...
2025-10-07 01:30:33 | 10 | src.services.api.ts.sendConversationMessage:45 | 对话请求成功 - AI回复长度: 91
2025-10-07 01:30:33 | 11 | src.contexts.ConversationContext.sendMessage:61 | 发送消息成功 - AI回复长度: 91
2025-10-07 01:30:42 | 1 | src.App.tsx.App:22 | 应用启动 - Rehui Car Adviser 前端应用初始化
2025-10-07 01:31:14 | 1 | src.App.tsx.App:22 | 应用启动 - Rehui Car Adviser 前端应用初始化
2025-10-07 01:31:37 | 1 | src.App.tsx.App:22 | 应用启动 - Rehui Car Adviser 前端应用初始化
2025-10-07 01:31:41 | 2 | src.components.ConversationSearch.tsx.handleSubmit:35 | 用户发送消息 - 消息: 而且...
2025-10-07 01:31:41 | 3 | src.contexts.ConversationContext.sendMessage:38 | 开始发送消息 - 消息: 而且...
2025-10-07 01:31:41 | 4 | src.services.api.ts.sendConversationMessage:41 | 发送对话请求 - POST /api/conversation, 消息: 而且...
2025-10-07 01:31:45 | 5 | src.services.api.ts.sendConversationMessage:45 | 对话请求成功 - AI回复长度: 236
2025-10-07 01:31:45 | 6 | src.contexts.ConversationContext.sendMessage:61 | 发送消息成功 - AI回复长度: 236
2025-10-07 01:32:12 | 7 | src.components.ConversationSearch.tsx.handleSubmit:35 | 用户发送消息 - 消息: 你是什么 ai...
2025-10-07 01:32:12 | 8 | src.contexts.ConversationContext.sendMessage:38 | 开始发送消息 - 消息: 你是什么 ai...
2025-10-07 01:32:12 | 9 | src.services.api.ts.sendConversationMessage:41 | 发送对话请求 - POST /api/conversation, 消息: 你是什么 ai...
2025-10-07 01:32:14 | 10 | src.services.api.ts.sendConversationMessage:45 | 对话请求成功 - AI回复长度: 114
2025-10-07 01:32:14 | 11 | src.contexts.ConversationContext.sendMessage:61 | 发送消息成功 - AI回复长度: 114
2025-10-07 01:32:25 | 12 | src.components.ConversationSearch.tsx.handleSubmit:35 | 用户发送消息 - 消息: 你能说英文吗...
2025-10-07 01:32:25 | 13 | src.contexts.ConversationContext.sendMessage:38 | 开始发送消息 - 消息: 你能说英文吗...
2025-10-07 01:32:25 | 14 | src.services.api.ts.sendConversationMessage:41 | 发送对话请求 - POST /api/conversation, 消息: 你能说英文吗...
2025-10-07 01:32:27 | 15 | src.services.api.ts.sendConversationMessage:45 | 对话请求成功 - AI回复长度: 93
2025-10-07 01:32:27 | 16 | src.contexts.ConversationContext.sendMessage:61 | 发送消息成功 - AI回复长度: 93
2025-10-07 01:32:41 | 17 | src.components.ConversationSearch.tsx.handleSubmit:35 | 用户发送消息 - 消息: 我不信...
2025-10-07 01:32:41 | 18 | src.contexts.ConversationContext.sendMessage:38 | 开始发送消息 - 消息: 我不信...
2025-10-07 01:32:41 | 19 | src.services.api.ts.sendConversationMessage:41 | 发送对话请求 - POST /api/conversation, 消息: 我不信...
2025-10-07 01:32:43 | 20 | src.services.api.ts.sendConversationMessage:45 | 对话请求成功 - AI回复长度: 156
2025-10-07 01:32:43 | 21 | src.contexts.ConversationContext.sendMessage:61 | 发送消息成功 - AI回复长度: 156
2025-10-07 01:33:00 | 1 | src.App.tsx.App:22 | 应用启动 - Rehui Car Adviser 前端应用初始化
2025-10-07 01:33:03 | 2 | src.components.ConversationSearch.tsx.handleSubmit:35 | 用户发送消息 - 消息: 水电费...
2025-10-07 01:33:03 | 3 | src.contexts.ConversationContext.sendMessage:38 | 开始发送消息 - 消息: 水电费...
2025-10-07 01:33:03 | 4 | src.services.api.ts.sendConversationMessage:41 | 发送对话请求 - POST /api/conversation, 消息: 水电费...
2025-10-07 01:33:06 | 5 | src.services.api.ts.sendConversationMessage:45 | 对话请求成功 - AI回复长度: 144
2025-10-07 01:33:06 | 6 | src.contexts.ConversationContext.sendMessage:61 | 发送消息成功 - AI回复长度: 144
2025-10-07 01:34:47 | 7 | src.components.ConversationSearch.tsx.handleSubmit:35 | 用户发送消息 - 消息: 你怎么回事...
2025-10-07 01:34:47 | 8 | src.contexts.ConversationContext.sendMessage:38 | 开始发送消息 - 消息: 你怎么回事...
2025-10-07 01:34:47 | 9 | src.services.api.ts.sendConversationMessage:41 | 发送对话请求 - POST /api/conversation, 消息: 你怎么回事...
2025-10-07 01:34:51 | 10 | src.services.api.ts.sendConversationMessage:45 | 对话请求成功 - AI回复长度: 225
2025-10-07 01:34:51 | 11 | src.contexts.ConversationContext.sendMessage:61 | 发送消息成功 - AI回复长度: 225
2025-10-07 01:36:43 | 1 | src.App.tsx.App:22 | 应用启动 - Rehui Car Adviser 前端应用初始化
2025-10-07 01:36:48 | 2 | src.components.ConversationSearch.tsx.handleSubmit:35 | 用户发送消息 - 消息: 下巴...
2025-10-07 01:36:48 | 3 | src.contexts.ConversationContext.sendMessage:38 | 开始发送消息 - 消息: 下巴...
2025-10-07 01:36:48 | 4 | src.services.api.ts.sendConversationMessage:41 | 发送对话请求 - POST /api/conversation, 消息: 下巴...
2025-10-07 01:36:51 | 5 | src.services.api.ts.sendConversationMessage:45 | 对话请求成功 - AI回复长度: 129
2025-10-07 01:36:51 | 6 | src.contexts.ConversationContext.sendMessage:61 | 发送消息成功 - AI回复长度: 129
2025-10-07 01:37:37 | 1 | src.App.tsx.App:22 | 应用启动 - Rehui Car Adviser 前端应用初始化
2025-10-07 01:37:40 | 2 | src.components.ConversationSearch.tsx.handleSubmit:35 | 用户发送消息 - 消息: 西八...
2025-10-07 01:37:40 | 3 | src.contexts.ConversationContext.sendMessage:38 | 开始发送消息 - 消息: 西八...
2025-10-07 01:37:40 | 4 | src.services.api.ts.sendConversationMessage:41 | 发送对话请求 - POST /api/conversation, 消息: 西八...
2025-10-07 01:37:44 | 5 | src.services.api.ts.sendConversationMessage:45 | 对话请求成功 - AI回复长度: 125
2025-10-07 01:37:44 | 6 | src.contexts.ConversationContext.sendMessage:61 | 发送消息成功 - AI回复长度: 125
2025-10-07 01:39:40 | 1 | src.App.tsx.App:22 | 应用启动 - Rehui Car Adviser 前端应用初始化
2025-10-07 01:40:16 | 1 | src.App.tsx.App:22 | 应用启动 - Rehui Car Adviser 前端应用初始化
2025-10-07 01:40:51 | 1 | src.App.tsx.App:22 | 应用启动 - Rehui Car Adviser 前端应用初始化
2025-10-07 01:43:20 | 1 | src.App.tsx.App:22 | 应用启动 - Rehui Car Adviser 前端应用初始化
2025-10-07 01:43:31 | 1 | src.App.tsx.App:22 | 应用启动 - Rehui Car Adviser 前端应用初始化
2025-10-07 01:44:03 | 2 | src.components.ConversationSearch.tsx.handleSubmit:35 | 用户发送消息 - 消息: 日志关掉了吗...
2025-10-07 01:44:03 | 4 | src.services.api.ts.sendConversationMessage:41 | 发送对话请求 - POST /api/conversation, 消息: 日志关掉了吗...
2025-10-07 01:44:03 | 3 | src.contexts.ConversationContext.sendMessage:38 | 开始发送消息 - 消息: 日志关掉了吗...
2025-10-07 01:44:06 | 5 | src.services.api.ts.sendConversationMessage:45 | 对话请求成功 - AI回复长度: 109
2025-10-07 01:44:06 | 6 | src.contexts.ConversationContext.sendMessage:61 | 发送消息成功 - AI回复长度: 109
2025-10-07 01:47:30 | 1 | src.App.tsx.App:22 | 应用启动 - Rehui Car Adviser 前端应用初始化
2025-10-07 01:47:33 | 1 | src.App.tsx.App:22 | 应用启动 - Rehui Car Adviser 前端应用初始化
2025-10-07 01:48:18 | 1 | src.App.tsx.App:22 | 应用启动 - Rehui Car Adviser 前端应用初始化
2025-10-07 01:48:25 | 2 | src.components.ConversationSearch.tsx.handleSubmit:35 | 用户发送消息 - 消息: 你大爷...
2025-10-07 01:48:25 | 3 | src.contexts.ConversationContext.sendMessage:38 | 开始发送消息 - 消息: 你大爷...
2025-10-07 01:48:25 | 4 | src.services.api.ts.sendConversationMessage:41 | 发送对话请求 - POST /api/conversation, 消息: 你大爷...
2025-10-07 01:48:27 | 5 | src.services.api.ts.sendConversationMessage:45 | 对话请求成功 - AI回复长度: 72
2025-10-07 01:48:27 | 6 | src.contexts.ConversationContext.sendMessage:61 | 发送消息成功 - AI回复长度: 72
2025-10-07 01:50:09 | 1 | src.App.tsx.App:22 | 应用启动 - Rehui Car Adviser 前端应用初始化
2025-10-07 01:50:13 | 1 | src.App.tsx.App:22 | 应用启动 - Rehui Car Adviser 前端应用初始化
2025-10-07 01:50:18 | 2 | src.components.ConversationSearch.tsx.handleSubmit:35 | 用户发送消息 - 消息: 你大爷...
2025-10-07 01:50:18 | 3 | src.contexts.ConversationContext.sendMessage:38 | 开始发送消息 - 消息: 你大爷...
2025-10-07 01:50:18 | 4 | src.services.api.ts.sendConversationMessage:41 | 发送对话请求 - POST /api/conversation, 消息: 你大爷...
2025-10-07 01:50:21 | 5 | src.services.api.ts.sendConversationMessage:45 | 对话请求成功 - AI回复长度: 75
2025-10-07 01:50:21 | 6 | src.contexts.ConversationContext.sendMessage:61 | 发送消息成功 - AI回复长度: 75
2025-10-07 01:52:47 | 1 | src.App.tsx.App:22 | 应用启动 - Rehui Car Adviser 前端应用初始化
2025-10-07 01:53:01 | 2 | src.components.ConversationSearch.tsx.handleSubmit:35 | 用户发送消息 - 消息: 你大爷...
2025-10-07 01:53:01 | 3 | src.contexts.ConversationContext.sendMessage:38 | 开始发送消息 - 消息: 你大爷...
2025-10-07 01:53:01 | 4 | src.services.api.ts.sendConversationMessage:41 | 发送对话请求 - POST /api/conversation, 消息: 你大爷...
2025-10-07 01:53:04 | 5 | src.services.api.ts.sendConversationMessage:45 | 对话请求成功 - AI回复长度: 71
2025-10-07 01:53:04 | 6 | src.contexts.ConversationContext.sendMessage:61 | 发送消息成功 - AI回复长度: 71
2025-10-07 01:55:00 | 1 | src.App.tsx.App:22 | 应用启动 - Rehui Car Adviser 前端应用初始化
2025-10-07 01:55:04 | 2 | src.components.ConversationSearch.tsx.handleSubmit:35 | 用户发送消息 - 消息: 你大爷...
2025-10-07 01:55:04 | 3 | src.contexts.ConversationContext.sendMessage:38 | 开始发送消息 - 消息: 你大爷...
2025-10-07 01:55:04 | 4 | src.services.api.ts.sendConversationMessage:41 | 发送对话请求 - POST /api/conversation, 消息: 你大爷...
2025-10-07 01:55:09 | 5 | src.services.api.ts.sendConversationMessage:45 | 对话请求成功 - AI回复长度: 105
2025-10-07 01:55:09 | 6 | src.contexts.ConversationContext.sendMessage:61 | 发送消息成功 - AI回复长度: 105
2025-10-07 02:00:00 | 7 | src.components.ConversationSearch.tsx.handleSubmit:35 | 用户发送消息 - 消息: 你能说韩语吗...
2025-10-07 02:00:00 | 9 | src.services.api.ts.sendConversationMessage:41 | 发送对话请求 - POST /api/conversation, 消息: 你能说韩语吗...
2025-10-07 02:00:00 | 8 | src.contexts.ConversationContext.sendMessage:38 | 开始发送消息 - 消息: 你能说韩语吗...
2025-10-07 02:00:02 | 10 | src.services.api.ts.sendConversationMessage:45 | 对话请求成功 - AI回复长度: 87
2025-10-07 02:00:02 | 11 | src.contexts.ConversationContext.sendMessage:61 | 发送消息成功 - AI回复长度: 87
2025-10-07 02:00:11 | 12 | src.components.ConversationSearch.tsx.handleSubmit:35 | 用户发送消息 - 消息: 说韩语...
2025-10-07 02:00:11 | 14 | src.services.api.ts.sendConversationMessage:41 | 发送对话请求 - POST /api/conversation, 消息: 说韩语...
2025-10-07 02:00:11 | 13 | src.contexts.ConversationContext.sendMessage:38 | 开始发送消息 - 消息: 说韩语...
2025-10-07 02:00:13 | 15 | src.services.api.ts.sendConversationMessage:45 | 对话请求成功 - AI回复长度: 127
2025-10-07 02:00:13 | 16 | src.contexts.ConversationContext.sendMessage:61 | 发送消息成功 - AI回复长度: 127
2025-10-07 15:38:57 | 1 | src.App.App:22 | 应用启动 - Rehui Car Adviser 前端应用初始化
2025-10-07 15:39:03 | 2 | src.components.ConversationSearch.handleSubmit:35 | 用户发送消息 - 消息: 你好...
2025-10-07 15:39:03 | 3 | src.contexts.ConversationContext.sendMessage:38 | 开始发送消息 - 消息: 你好...
2025-10-07 15:39:03 | 4 | src.services.api.sendConversationMessage:41 | 发送对话请求 - POST /api/conversation, 消息: 你好...
2025-10-07 15:39:07 | 5 | src.services.api.sendConversationMessage:45 | 对话请求成功 - AI回复长度: 138
2025-10-07 15:39:07 | 6 | src.contexts.ConversationContext.sendMessage:61 | 发送消息成功 - AI回复长度: 138
2025-10-07 15:40:24 | 1 | src.App.tsx.App:22 | 应用启动 - Rehui Car Adviser 前端应用初始化
2025-10-07 15:40:27 | 2 | src.components.ConversationSearch.tsx.handleSubmit:35 | 用户发送消息 - 消息: 你好...
2025-10-07 15:40:27 | 3 | src.contexts.ConversationContext.sendMessage:38 | 开始发送消息 - 消息: 你好...
2025-10-07 15:40:27 | 4 | src.services.api.sendConversationMessage:41 | 发送对话请求 - POST /api/conversation, 消息: 你好...
2025-10-07 15:40:30 | 5 | src.services.api.sendConversationMessage:45 | 对话请求成功 - AI回复长度: 131
2025-10-07 15:40:30 | 6 | src.contexts.ConversationContext.sendMessage:61 | 发送消息成功 - AI回复长度: 131
2025-10-07 15:40:33 | 1 | src.App.tsx.App:22 | 应用启动 - Rehui Car Adviser 前端应用初始化
2025-10-07 15:40:36 | 2 | src.components.ConversationSearch.tsx.handleSubmit:35 | 用户发送消息 - 消息: 你好...
2025-10-07 15:40:36 | 4 | src.services.api.sendConversationMessage:41 | 发送对话请求 - POST /api/conversation, 消息: 你好...
2025-10-07 15:40:36 | 3 | src.contexts.ConversationContext.sendMessage:38 | 开始发送消息 - 消息: 你好...
2025-10-07 15:40:39 | 5 | src.services.api.sendConversationMessage:45 | 对话请求成功 - AI回复长度: 93
2025-10-07 15:40:39 | 6 | src.contexts.ConversationContext.sendMessage:61 | 发送消息成功 - AI回复长度: 93
2025-10-07 15:40:40 | 1 | src.App.tsx.App:22 | 应用启动 - Rehui Car Adviser 前端应用初始化
2025-10-07 15:40:44 | 2 | src.components.ConversationSearch.tsx.handleSubmit:35 | 用户发送消息 - 消息: 你好...
2025-10-07 15:40:44 | 3 | src.contexts.ConversationContext.sendMessage:38 | 开始发送消息 - 消息: 你好...
2025-10-07 15:40:44 | 4 | src.services.api.sendConversationMessage:41 | 发送对话请求 - POST /api/conversation, 消息: 你好...
2025-10-07 15:40:48 | 5 | src.services.api.sendConversationMessage:45 | 对话请求成功 - AI回复长度: 191
2025-10-07 15:40:48 | 6 | src.contexts.ConversationContext.sendMessage:61 | 发送消息成功 - AI回复长度: 191
2025-10-07 15:42:09 | 1 | src.App.tsx.App:22 | 应用启动 - Rehui Car Adviser 前端应用初始化
2025-10-07 15:42:13 | 2 | src.components.ConversationSearch.tsx.handleSubmit:35 | 用户发送消息 - 消息: 你好...
2025-10-07 15:42:13 | 3 | src.contexts.ConversationContext.sendMessage:38 | 开始发送消息 - 消息: 你好...
2025-10-07 15:42:13 | 4 | src.services.api.sendConversationMessage:41 | 发送对话请求 - POST /api/conversation, 消息: 你好...
2025-10-07 15:42:15 | 5 | src.services.api.sendConversationMessage:45 | 对话请求成功 - AI回复长度: 153
2025-10-07 15:42:15 | 6 | src.contexts.ConversationContext.sendMessage:61 | 发送消息成功 - AI回复长度: 153
2025-10-07 15:42:18 | 1 | src.App.tsx.App:22 | 应用启动 - Rehui Car Adviser 前端应用初始化
2025-10-07 15:42:21 | 2 | src.components.ConversationSearch.tsx.handleSubmit:35 | 用户发送消息 - 消息: 你好...
2025-10-07 15:42:21 | 3 | src.contexts.ConversationContext.sendMessage:38 | 开始发送消息 - 消息: 你好...
2025-10-07 15:42:21 | 4 | src.services.api.sendConversationMessage:41 | 发送对话请求 - POST /api/conversation, 消息: 你好...
2025-10-07 15:42:24 | 5 | src.services.api.sendConversationMessage:45 | 对话请求成功 - AI回复长度: 205
2025-10-07 15:42:24 | 6 | src.contexts.ConversationContext.sendMessage:61 | 发送消息成功 - AI回复长度: 205
2025-10-07 15:53:38 | 1 | src.App.tsx.App:22 | 应用启动 - Rehui Car Adviser 前端应用初始化
2025-10-07 15:53:42 | 2 | src.components.ConversationSearch.tsx.handleSubmit:35 | 用户发送消息 - 消息: 你好...
2025-10-07 15:53:42 | 3 | src.contexts.ConversationContext.sendMessage:38 | 开始发送消息 - 消息: 你好...
2025-10-07 15:53:42 | 4 | src.services.api.sendConversationMessage:41 | 发送对话请求 - POST /api/conversation, 消息: 你好...
2025-10-07 15:53:45 | 5 | src.services.api.sendConversationMessage:45 | 对话请求成功 - AI回复长度: 120
2025-10-07 15:53:45 | 6 | src.contexts.ConversationContext.sendMessage:61 | 发送消息成功 - AI回复长度: 120
2025-10-07 15:53:57 | 1 | src.App.tsx.App:22 | 应用启动 - Rehui Car Adviser 前端应用初始化
2025-10-07 15:54:01 | 2 | src.components.ConversationSearch.tsx.handleSubmit:35 | 用户发送消息 - 消息: 没变化啊...
2025-10-07 15:54:01 | 4 | src.services.api.sendConversationMessage:41 | 发送对话请求 - POST /api/conversation, 消息: 没变化啊...
2025-10-07 15:54:01 | 3 | src.contexts.ConversationContext.sendMessage:38 | 开始发送消息 - 消息: 没变化啊...
2025-10-07 15:54:11 | 5 | src.services.api.sendConversationMessage:45 | 对话请求成功 - AI回复长度: 201
2025-10-07 15:54:11 | 6 | src.contexts.ConversationContext.sendMessage:61 | 发送消息成功 - AI回复长度: 201
2025-10-07 15:54:57 | 1 | src.App.tsx.App:22 | 应用启动 - Rehui Car Adviser 前端应用初始化
2025-10-07 15:55:01 | 2 | src.components.ConversationSearch.tsx.handleSubmit:35 | 用户发送消息 - 消息: 没变化啊...
2025-10-07 15:55:01 | 3 | src.contexts.ConversationContext.sendMessage:38 | 开始发送消息 - 消息: 没变化啊...
2025-10-07 15:55:01 | 4 | src.services.api.sendConversationMessage:41 | 发送对话请求 - POST /api/conversation, 消息: 没变化啊...
2025-10-07 15:55:06 | 1 | src.App.tsx.App:22 | 应用启动 - Rehui Car Adviser 前端应用初始化
2025-10-07 15:55:10 | 2 | src.components.ConversationSearch.tsx.handleSubmit:35 | 用户发送消息 - 消息: 没变化...
2025-10-07 15:55:10 | 3 | src.contexts.ConversationContext.sendMessage:38 | 开始发送消息 - 消息: 没变化...
2025-10-07 15:55:10 | 4 | src.services.api.sendConversationMessage:41 | 发送对话请求 - POST /api/conversation, 消息: 没变化...
2025-10-07 15:55:14 | 5 | src.services.api.sendConversationMessage:45 | 对话请求成功 - AI回复长度: 104
2025-10-07 15:55:14 | 6 | src.contexts.ConversationContext.sendMessage:61 | 发送消息成功 - AI回复长度: 104
2025-10-07 15:55:18 | 7 | src.components.ConversationSearch.tsx.handleSubmit:35 | 用户发送消息 - 消息: 没变化啊...
2025-10-07 15:55:18 | 8 | src.contexts.ConversationContext.sendMessage:38 | 开始发送消息 - 消息: 没变化啊...
2025-10-07 15:55:18 | 9 | src.services.api.sendConversationMessage:41 | 发送对话请求 - POST /api/conversation, 消息: 没变化啊...
2025-10-07 15:55:22 | 1 | src.App.tsx.App:22 | 应用启动 - Rehui Car Adviser 前端应用初始化
2025-10-07 15:55:25 | 2 | src.components.ConversationSearch.tsx.handleSubmit:35 | 用户发送消息 - 消息: 你大爷的...
2025-10-07 15:55:25 | 3 | src.contexts.ConversationContext.sendMessage:38 | 开始发送消息 - 消息: 你大爷的...
2025-10-07 15:55:25 | 4 | src.services.api.sendConversationMessage:41 | 发送对话请求 - POST /api/conversation, 消息: 你大爷的...
2025-10-07 15:55:30 | 5 | src.services.api.sendConversationMessage:45 | 对话请求成功 - AI回复长度: 177
2025-10-07 15:55:30 | 6 | src.contexts.ConversationContext.sendMessage:61 | 发送消息成功 - AI回复长度: 177
2025-10-07 15:57:12 | 1 | src.App.tsx.App:22 | 应用启动 - Rehui Car Adviser 前端应用初始化
2025-10-07 15:57:20 | 2 | src.components.ConversationSearch.tsx.handleSubmit:36 | 用户发送消息 - 消息: 你大爷的...
2025-10-07 15:57:20 | 3 | src.contexts.ConversationContext.sendMessage:38 | 开始发送消息 - 消息: 你大爷的...
2025-10-07 15:57:20 | 4 | src.services.api.sendConversationMessage:41 | 发送对话请求 - POST /api/conversation, 消息: 你大爷的...
2025-10-07 15:57:24 | 5 | src.services.api.sendConversationMessage:45 | 对话请求成功 - AI回复长度: 101
2025-10-07 15:57:24 | 6 | src.contexts.ConversationContext.sendMessage:61 | 发送消息成功 - AI回复长度: 101
2025-10-07 15:57:27 | 7 | src.components.ConversationSearch.tsx.handleSubmit:36 | 用户发送消息 - 消息: 你大爷...
2025-10-07 15:57:27 | 9 | src.services.api.sendConversationMessage:41 | 发送对话请求 - POST /api/conversation, 消息: 你大爷...
2025-10-07 15:57:27 | 8 | src.contexts.ConversationContext.sendMessage:38 | 开始发送消息 - 消息: 你大爷...
2025-10-07 15:57:35 | 10 | src.services.api.sendConversationMessage:45 | 对话请求成功 - AI回复长度: 112
2025-10-07 15:57:35 | 11 | src.contexts.ConversationContext.sendMessage:61 | 发送消息成功 - AI回复长度: 112
2025-10-07 15:58:36 | 1 | src.App.tsx.App:22 | 应用启动 - Rehui Car Adviser 前端应用初始化
2025-10-07 15:59:33 | 1 | src.App.tsx.App:22 | 应用启动 - Rehui Car Adviser 前端应用初始化
2025-10-07 15:59:53 | 2 | src.components.ConversationSearch.tsx.handleSubmit:36 | 用户发送消息 - 消息: 你好...
2025-10-07 15:59:53 | 3 | src.contexts.ConversationContext.sendMessage:38 | 开始发送消息 - 消息: 你好...
2025-10-07 15:59:53 | 4 | src.services.api.sendConversationMessage:41 | 发送对话请求 - POST /api/conversation, 消息: 你好...
2025-10-07 15:59:56 | 5 | src.services.api.sendConversationMessage:45 | 对话请求成功 - AI回复长度: 124
2025-10-07 15:59:56 | 6 | src.contexts.ConversationContext.sendMessage:61 | 发送消息成功 - AI回复长度: 124
2025-10-07 16:00:21 | 7 | src.services.api.sendConversationMessage:45 | 对话请求成功 - AI回复长度: 114
2025-10-07 16:00:21 | 8 | src.contexts.ConversationContext.sendMessage:61 | 发送消息成功 - AI回复长度: 114
2025-10-07 16:00:22 | 1 | src.App.tsx.App:22 | 应用启动 - Rehui Car Adviser 前端应用初始化
2025-10-07 16:00:26 | 2 | src.components.ConversationSearch.tsx.handleSubmit:36 | 用户发送消息 - 消息: 你好...
2025-10-07 16:00:26 | 3 | src.contexts.ConversationContext.sendMessage:38 | 开始发送消息 - 消息: 你好...
2025-10-07 16:00:26 | 4 | src.services.api.sendConversationMessage:41 | 发送对话请求 - POST /api/conversation, 消息: 你好...
2025-10-07 16:00:30 | 5 | src.services.api.sendConversationMessage:45 | 对话请求成功 - AI回复长度: 144
2025-10-07 16:00:30 | 6 | src.contexts.ConversationContext.sendMessage:61 | 发送消息成功 - AI回复长度: 144
2025-10-07 16:00:57 | 1 | src.App.tsx.App:22 | 应用启动 - Rehui Car Adviser 前端应用初始化
2025-10-07 16:01:16 | 1 | src.App.tsx.App:22 | 应用启动 - Rehui Car Adviser 前端应用初始化
2025-10-07 16:01:20 | 2 | src.components.ConversationSearch.tsx.handleSubmit:36 | 用户发送消息 - 消息: 你妈...
2025-10-07 16:01:20 | 3 | src.contexts.ConversationContext.sendMessage:38 | 开始发送消息 - 消息: 你妈...
2025-10-07 16:01:20 | 4 | src.services.api.sendConversationMessage:41 | 发送对话请求 - POST /api/conversation, 消息: 你妈...
2025-10-07 16:01:26 | 5 | src.services.api.sendConversationMessage:45 | 对话请求成功 - AI回复长度: 85
2025-10-07 16:01:26 | 6 | src.contexts.ConversationContext.sendMessage:61 | 发送消息成功 - AI回复长度: 85
2025-10-07 16:01:51 | 1 | src.App.tsx.App:22 | 应用启动 - Rehui Car Adviser 前端应用初始化
2025-10-07 16:01:53 | 2 | src.components.ConversationSearch.tsx.handleSubmit:36 | 用户发送消息 - 消息: 你妈...
2025-10-07 16:01:54 | 3 | src.contexts.ConversationContext.sendMessage:38 | 开始发送消息 - 消息: 你妈...
2025-10-07 16:01:54 | 4 | src.services.api.sendConversationMessage:41 | 发送对话请求 - POST /api/conversation, 消息: 你妈...
2025-10-07 16:01:58 | 5 | src.services.api.sendConversationMessage:45 | 对话请求成功 - AI回复长度: 96
2025-10-07 16:01:58 | 6 | src.contexts.ConversationContext.sendMessage:61 | 发送消息成功 - AI回复长度: 96
2025-10-07 16:02:41 | 1 | src.App.tsx.App:22 | 应用启动 - Rehui Car Adviser 前端应用初始化
2025-10-07 16:02:56 | 2 | src.components.ConversationSearch.tsx.handleSubmit:36 | 用户发送消息 - 消息: 你妈...
2025-10-07 16:02:56 | 4 | src.services.api.sendConversationMessage:41 | 发送对话请求 - POST /api/conversation, 消息: 你妈...
2025-10-07 16:02:56 | 3 | src.contexts.ConversationContext.sendMessage:38 | 开始发送消息 - 消息: 你妈...
2025-10-07 16:03:00 | 5 | src.services.api.sendConversationMessage:45 | 对话请求成功 - AI回复长度: 57
2025-10-07 16:03:00 | 6 | src.contexts.ConversationContext.sendMessage:61 | 发送消息成功 - AI回复长度: 57
2025-10-07 16:03:14 | 1 | src.App.tsx.App:22 | 应用启动 - Rehui Car Adviser 前端应用初始化
2025-10-07 16:03:17 | 2 | src.components.ConversationSearch.tsx.handleSubmit:36 | 用户发送消息 - 消息: 你妈...
2025-10-07 16:03:17 | 3 | src.contexts.ConversationContext.sendMessage:38 | 开始发送消息 - 消息: 你妈...
2025-10-07 16:03:17 | 4 | src.services.api.sendConversationMessage:41 | 发送对话请求 - POST /api/conversation, 消息: 你妈...
2025-10-07 16:03:22 | 5 | src.services.api.sendConversationMessage:45 | 对话请求成功 - AI回复长度: 91
2025-10-07 16:03:22 | 6 | src.contexts.ConversationContext.sendMessage:61 | 发送消息成功 - AI回复长度: 91
2025-10-07 16:03:40 | 1 | src.App.tsx.App:22 | 应用启动 - Rehui Car Adviser 前端应用初始化
2025-10-07 16:03:44 | 2 | src.components.ConversationSearch.tsx.handleSubmit:36 | 用户发送消息 - 消息: 你妈...
2025-10-07 16:03:44 | 3 | src.contexts.ConversationContext.sendMessage:38 | 开始发送消息 - 消息: 你妈...
2025-10-07 16:03:44 | 4 | src.services.api.sendConversationMessage:41 | 发送对话请求 - POST /api/conversation, 消息: 你妈...
2025-10-07 16:03:47 | 5 | src.services.api.sendConversationMessage:45 | 对话请求成功 - AI回复长度: 87
2025-10-07 16:03:47 | 6 | src.contexts.ConversationContext.sendMessage:61 | 发送消息成功 - AI回复长度: 87
2025-10-07 16:04:01 | 3 | src.contexts.ConversationContext.sendMessage:38 | 开始发送消息 - 消息: 你妈...
2025-10-07 16:04:01 | 2 | src.components.ConversationSearch.tsx.handleSubmit:36 | 用户发送消息 - 消息: 你妈...
2025-10-07 16:04:01 | 4 | src.services.api.sendConversationMessage:41 | 发送对话请求 - POST /api/conversation, 消息: 你妈...
2025-10-07 16:03:58 | 1 | src.App.tsx.App:22 | 应用启动 - Rehui Car Adviser 前端应用初始化
2025-10-07 16:04:09 | 5 | src.services.api.sendConversationMessage:45 | 对话请求成功 - AI回复长度: 96
2025-10-07 16:04:09 | 6 | src.contexts.ConversationContext.sendMessage:61 | 发送消息成功 - AI回复长度: 96
2025-10-07 16:04:13 | 1 | src.App.tsx.App:22 | 应用启动 - Rehui Car Adviser 前端应用初始化
2025-10-07 16:04:16 | 2 | src.components.ConversationSearch.tsx.handleSubmit:36 | 用户发送消息 - 消息: 你妈...
2025-10-07 16:04:16 | 3 | src.contexts.ConversationContext.sendMessage:38 | 开始发送消息 - 消息: 你妈...
2025-10-07 16:04:16 | 4 | src.services.api.sendConversationMessage:41 | 发送对话请求 - POST /api/conversation, 消息: 你妈...
2025-10-07 16:04:20 | 5 | src.services.api.sendConversationMessage:45 | 对话请求成功 - AI回复长度: 82
2025-10-07 16:04:20 | 6 | src.contexts.ConversationContext.sendMessage:61 | 发送消息成功 - AI回复长度: 82
2025-10-07 16:05:29 | 1 | src.App.tsx.App:22 | 应用启动 - Rehui Car Adviser 前端应用初始化
2025-10-07 16:05:33 | 2 | src.components.ConversationSearch.tsx.handleSubmit:38 | 用户发送消息 - 消息: 你妈...
2025-10-07 16:05:33 | 3 | src.contexts.ConversationContext.sendMessage:38 | 开始发送消息 - 消息: 你妈...
2025-10-07 16:05:33 | 4 | src.services.api.sendConversationMessage:41 | 发送对话请求 - POST /api/conversation, 消息: 你妈...
2025-10-07 16:05:42 | 5 | src.services.api.sendConversationMessage:45 | 对话请求成功 - AI回复长度: 91
2025-10-07 16:05:42 | 6 | src.contexts.ConversationContext.sendMessage:61 | 发送消息成功 - AI回复长度: 91
2025-10-07 16:05:49 | 1 | src.App.tsx.App:22 | 应用启动 - Rehui Car Adviser 前端应用初始化
2025-10-07 16:05:52 | 2 | src.components.ConversationSearch.tsx.handleSubmit:38 | 用户发送消息 - 消息: 你妈...
2025-10-07 16:05:52 | 3 | src.contexts.ConversationContext.sendMessage:38 | 开始发送消息 - 消息: 你妈...
2025-10-07 16:05:52 | 4 | src.services.api.sendConversationMessage:41 | 发送对话请求 - POST /api/conversation, 消息: 你妈...
2025-10-07 16:05:54 | 5 | src.services.api.sendConversationMessage:45 | 对话请求成功 - AI回复长度: 121
2025-10-07 16:05:54 | 6 | src.contexts.ConversationContext.sendMessage:61 | 发送消息成功 - AI回复长度: 121
2025-10-07 16:07:05 | 1 | src.App.tsx.App:22 | 应用启动 - Rehui Car Adviser 前端应用初始化
2025-10-07 16:07:08 | 2 | src.components.ConversationSearch.tsx.handleSubmit:38 | 用户发送消息 - 消息: 你妈...
2025-10-07 16:07:08 | 3 | src.contexts.ConversationContext.sendMessage:38 | 开始发送消息 - 消息: 你妈...
2025-10-07 16:07:08 | 4 | src.services.api.sendConversationMessage:41 | 发送对话请求 - POST /api/conversation, 消息: 你妈...
2025-10-07 16:07:10 | 5 | src.services.api.sendConversationMessage:45 | 对话请求成功 - AI回复长度: 109
2025-10-07 16:07:10 | 6 | src.contexts.ConversationContext.sendMessage:61 | 发送消息成功 - AI回复长度: 109
2025-10-07 16:07:21 | 7 | src.services.api.sendConversationMessage:45 | 对话请求成功 - AI回复长度: 152
2025-10-07 16:07:21 | 8 | src.contexts.ConversationContext.sendMessage:61 | 发送消息成功 - AI回复长度: 152
2025-10-07 16:08:00 | 1 | src.App.tsx.App:22 | 应用启动 - Rehui Car Adviser 前端应用初始化
2025-10-07 16:08:03 | 2 | src.components.ConversationSearch.tsx.handleSubmit:38 | 用户发送消息 - 消息: 你妈...
2025-10-07 16:08:03 | 3 | src.contexts.ConversationContext.sendMessage:38 | 开始发送消息 - 消息: 你妈...
2025-10-07 16:08:03 | 4 | src.services.api.sendConversationMessage:41 | 发送对话请求 - POST /api/conversation, 消息: 你妈...
2025-10-07 16:08:08 | 5 | src.services.api.sendConversationMessage:45 | 对话请求成功 - AI回复长度: 101
2025-10-07 16:08:08 | 6 | src.contexts.ConversationContext.sendMessage:61 | 发送消息成功 - AI回复长度: 101
2025-10-07 16:08:58 | 1 | src.App.tsx.App:22 | 应用启动 - Rehui Car Adviser 前端应用初始化
2025-10-07 16:09:02 | 2 | src.components.ConversationSearch.tsx.handleSubmit:55 | 用户发送消息 - 消息: 你妈...
2025-10-07 16:09:02 | 3 | src.contexts.ConversationContext.sendMessage:38 | 开始发送消息 - 消息: 你妈...
2025-10-07 16:09:02 | 4 | src.services.api.sendConversationMessage:41 | 发送对话请求 - POST /api/conversation, 消息: 你妈...
2025-10-07 16:09:08 | 5 | src.services.api.sendConversationMessage:45 | 对话请求成功 - AI回复长度: 80
2025-10-07 16:09:08 | 6 | src.contexts.ConversationContext.sendMessage:61 | 发送消息成功 - AI回复长度: 80
2025-10-07 16:10:26 | 1 | src.App.tsx.App:22 | 应用启动 - Rehui Car Adviser 前端应用初始化
2025-10-07 16:10:29 | 2 | src.components.ConversationSearch.tsx.handleSubmit:55 | 用户发送消息 - 消息: 你妈...
2025-10-07 16:10:29 | 3 | src.contexts.ConversationContext.sendMessage:38 | 开始发送消息 - 消息: 你妈...
2025-10-07 16:10:29 | 4 | src.services.api.sendConversationMessage:41 | 发送对话请求 - POST /api/conversation, 消息: 你妈...
2025-10-07 16:10:31 | 5 | src.services.api.sendConversationMessage:45 | 对话请求成功 - AI回复长度: 91
2025-10-07 16:10:31 | 6 | src.contexts.ConversationContext.sendMessage:61 | 发送消息成功 - AI回复长度: 91
2025-10-07 16:11:33 | 1 | src.App.tsx.App:22 | 应用启动 - Rehui Car Adviser 前端应用初始化
2025-10-07 16:11:36 | 2 | src.components.ConversationSearch.tsx.handleSubmit:65 | 用户发送消息 - 消息: 你妈...
2025-10-07 16:11:36 | 3 | src.contexts.ConversationContext.sendMessage:38 | 开始发送消息 - 消息: 你妈...
2025-10-07 16:11:36 | 4 | src.services.api.sendConversationMessage:41 | 发送对话请求 - POST /api/conversation, 消息: 你妈...
2025-10-07 16:11:39 | 5 | src.services.api.sendConversationMessage:45 | 对话请求成功 - AI回复长度: 118
2025-10-07 16:11:39 | 6 | src.contexts.ConversationContext.sendMessage:61 | 发送消息成功 - AI回复长度: 118
2025-10-07 16:11:41 | 1 | src.App.tsx.App:22 | 应用启动 - Rehui Car Adviser 前端应用初始化
2025-10-07 16:11:44 | 2 | src.components.ConversationSearch.tsx.handleSubmit:65 | 用户发送消息 - 消息: 你妈...
2025-10-07 16:11:44 | 3 | src.contexts.ConversationContext.sendMessage:38 | 开始发送消息 - 消息: 你妈...
2025-10-07 16:11:44 | 4 | src.services.api.sendConversationMessage:41 | 发送对话请求 - POST /api/conversation, 消息: 你妈...
2025-10-07 16:11:50 | 5 | src.services.api.sendConversationMessage:45 | 对话请求成功 - AI回复长度: 103
2025-10-07 16:11:50 | 6 | src.contexts.ConversationContext.sendMessage:61 | 发送消息成功 - AI回复长度: 103
2025-10-07 16:14:37 | 1 | src.App.tsx.App:22 | 应用启动 - Rehui Car Adviser 前端应用初始化
2025-10-07 16:14:40 | 2 | src.components.ConversationSearch.tsx.handleSubmit:65 | 用户发送消息 - 消息: 你妈...
2025-10-07 16:14:40 | 4 | src.services.api.sendConversationMessage:41 | 发送对话请求 - POST /api/conversation, 消息: 你妈...
2025-10-07 16:14:40 | 3 | src.contexts.ConversationContext.sendMessage:38 | 开始发送消息 - 消息: 你妈...
2025-10-07 16:14:46 | 5 | src.services.api.sendConversationMessage:45 | 对话请求成功 - AI回复长度: 113
2025-10-07 16:14:46 | 6 | src.contexts.ConversationContext.sendMessage:61 | 发送消息成功 - AI回复长度: 113
2025-10-07 16:17:24 | 1 | src.App.tsx.App:22 | 应用启动 - Rehui Car Adviser 前端应用初始化
2025-10-07 16:17:27 | 2 | src.components.ConversationSearch.tsx.handleSubmit:65 | 用户发送消息 - 消息: 你妈...
2025-10-07 16:17:27 | 3 | src.contexts.ConversationContext.sendMessage:38 | 开始发送消息 - 消息: 你妈...
2025-10-07 16:17:27 | 4 | src.services.api.sendConversationMessage:41 | 发送对话请求 - POST /api/conversation, 消息: 你妈...
2025-10-07 16:17:34 | 5 | src.services.api.sendConversationMessage:45 | 对话请求成功 - AI回复长度: 78
2025-10-07 16:17:34 | 6 | src.contexts.ConversationContext.sendMessage:61 | 发送消息成功 - AI回复长度: 78
2025-10-07 16:18:49 | 1 | src.App.tsx.App:22 | 应用启动 - Rehui Car Adviser 前端应用初始化
2025-10-07 16:18:52 | 2 | src.components.ConversationSearch.tsx.handleSubmit:40 | 用户发送消息 - 消息: 你妈...
2025-10-07 16:18:52 | 3 | src.contexts.ConversationContext.sendMessage:38 | 开始发送消息 - 消息: 你妈...
2025-10-07 16:18:52 | 4 | src.services.api.sendConversationMessage:41 | 发送对话请求 - POST /api/conversation, 消息: 你妈...
2025-10-07 16:18:55 | 5 | src.services.api.sendConversationMessage:45 | 对话请求成功 - AI回复长度: 107
2025-10-07 16:18:55 | 6 | src.contexts.ConversationContext.sendMessage:61 | 发送消息成功 - AI回复长度: 107
